
[2020-09-09 08:56:51] 
DEBUG: Dfx path: D:/dev/valhalla/src/main/webapp/WEB-INF/reportFiles

[2020-09-09 08:56:51] 
DEBUG: Esproc main path: null

[2020-09-09 08:56:51] 
INFO: The block size is empty.

[2020-09-09 08:56:51] 
DEBUG: Report main path: D:/dev/valhalla/src/main/webapp/WEB-INF/reportFiles

[2020-09-09 08:56:51] 
DEBUG: Input main path: D:/dev/valhalla/src/main/webapp/WEB-INF/reportFiles

[2020-09-09 08:56:52] 
仅限产品试用，禁止商用

[2020-09-09 08:56:52] 
INFO: Set The Max DataSet Rows Num to -1 , old value is -1

[2020-09-09 08:56:52] 
DEBUG: setCachePath :　cache/input

[2020-09-09 08:56:53] 
INFO: cluster members:null

[2020-09-09 08:56:53] 
DEBUG: web root is : D:\dev\valhalla\src\main\webapp\

[2020-09-09 08:56:53] 
INFO: DL System initing......

[2020-09-09 08:56:53] 
INFO: DL System initialized......

[2020-09-09 08:56:53] 
INFO: Guide initing......

[2020-09-09 08:56:53] 
INFO: Guide initialized......

[2020-09-09 09:09:22] 
DEBUG: Dfx path: D:/dev/valhalla/src/main/webapp/WEB-INF/reportFiles

[2020-09-09 09:09:22] 
DEBUG: Esproc main path: null

[2020-09-09 09:09:22] 
INFO: The block size is empty.

[2020-09-09 09:09:22] 
DEBUG: Report main path: D:/dev/valhalla/src/main/webapp/WEB-INF/reportFiles

[2020-09-09 09:09:22] 
DEBUG: Input main path: D:/dev/valhalla/src/main/webapp/WEB-INF/reportFiles

[2020-09-09 09:09:22] 
仅限产品试用，禁止商用

[2020-09-09 09:09:22] 
INFO: Set The Max DataSet Rows Num to -1 , old value is -1

[2020-09-09 09:09:22] 
DEBUG: setCachePath :　cache/input

[2020-09-09 09:09:24] 
INFO: cluster members:null

[2020-09-09 09:09:24] 
DEBUG: web root is : D:\dev\valhalla\src\main\webapp\

[2020-09-09 09:09:24] 
INFO: DL System initing......

[2020-09-09 09:09:24] 
INFO: DL System initialized......

[2020-09-09 09:09:24] 
INFO: Guide initing......

[2020-09-09 09:09:24] 
INFO: Guide initialized......

[2020-09-09 09:14:59] 
DEBUG: Dfx path: D:/dev/valhalla/src/main/webapp/WEB-INF/reportFiles

[2020-09-09 09:14:59] 
DEBUG: Esproc main path: null

[2020-09-09 09:14:59] 
INFO: The block size is empty.

[2020-09-09 09:14:59] 
DEBUG: Report main path: D:/dev/valhalla/src/main/webapp/WEB-INF/reportFiles

[2020-09-09 09:14:59] 
DEBUG: Input main path: D:/dev/valhalla/src/main/webapp/WEB-INF/reportFiles

[2020-09-09 09:14:59] 
仅限产品试用，禁止商用

[2020-09-09 09:14:59] 
INFO: Set The Max DataSet Rows Num to -1 , old value is -1

[2020-09-09 09:14:59] 
DEBUG: setCachePath :　cache/input

[2020-09-09 09:15:00] 
INFO: cluster members:null

[2020-09-09 09:15:00] 
DEBUG: web root is : D:\dev\valhalla\src\main\webapp\

[2020-09-09 09:15:01] 
INFO: DL System initing......

[2020-09-09 09:15:01] 
INFO: DL System initialized......

[2020-09-09 09:15:01] 
INFO: Guide initing......

[2020-09-09 09:15:01] 
INFO: Guide initialized......

[2020-09-09 09:28:05] 
DEBUG: Dfx path: D:/dev/valhalla/src/main/webapp/WEB-INF/reportFiles

[2020-09-09 09:28:05] 
DEBUG: Esproc main path: null

[2020-09-09 09:28:05] 
INFO: The block size is empty.

[2020-09-09 09:28:05] 
DEBUG: Report main path: D:/dev/valhalla/src/main/webapp/WEB-INF/reportFiles

[2020-09-09 09:28:05] 
DEBUG: Input main path: D:/dev/valhalla/src/main/webapp/WEB-INF/reportFiles

[2020-09-09 09:28:05] 
仅限产品试用，禁止商用

[2020-09-09 09:28:05] 
INFO: Set The Max DataSet Rows Num to -1 , old value is -1

[2020-09-09 09:28:05] 
DEBUG: setCachePath :　cache/input

[2020-09-09 09:28:06] 
INFO: cluster members:null

[2020-09-09 09:28:06] 
DEBUG: web root is : D:\dev\valhalla\src\main\webapp\

[2020-09-09 09:28:06] 
INFO: DL System initing......

[2020-09-09 09:28:06] 
INFO: DL System initialized......

[2020-09-09 09:28:06] 
INFO: Guide initing......

[2020-09-09 09:28:06] 
INFO: Guide initialized......

[2020-09-09 09:30:16] 
INFO: 开始运算报表，首先取数......

[2020-09-09 09:30:17] 
INFO: 下面开始打出sql

[2020-09-09 09:30:17] 
INFO: hisds=SELECT INTERFACE_TRADE_LOGS.TRADE_NO,
       INTERFACE_TRADE_LOGS.TRADE_TYPE,
       INTERFACE_TRADE_LOGS.TRANS_ID,
       INTERFACE_TRADE_LOGS.DEVICEID,
       INTERFACE_TRADE_LOGS.OPERATOR,
       INTERFACE_TRADE_LOGS.TRADE_DATE,
       INTERFACE_TRADE_LOGS.RETURN_CODE,
       INTERFACE_TRADE_LOGS.SESSION_ID,
       INTERFACE_TRADE_LOGS.TERMINAL FROM INTERFACE_TRADE_LOGS
 WHERE 1 = 1
   and (INTERFACE_TRADE_LOGS.TRADE_TYPE = ? or ? is null)
   and (INTERFACE_TRADE_LOGS.DEVICEID = ? or ? is null) ORDER BY INTERFACE_TRADE_LOGS.TRADE_DATE DESC

[2020-09-09 09:30:17] 
INFO: arg0: null

[2020-09-09 09:30:17] 
INFO: arg1: null

[2020-09-09 09:30:17] 
INFO: arg2: default

[2020-09-09 09:30:17] 
INFO: arg3: default

[2020-09-09 09:30:18] 
INFO: 取数结束,开始运算

[2020-09-09 09:30:19] 
INFO: 报表图片处理......

[2020-09-09 09:30:19] 
INFO: 计算结束！

[2020-09-09 09:30:19] 
DEBUG: Export report begin, total pages :1

[2020-09-09 09:30:19] 
DEBUG: Page :1 OK.

[2020-09-09 09:37:36] 
DEBUG: Dfx path: D:/dev/valhalla/src/main/webapp/WEB-INF/reportFiles

[2020-09-09 09:37:36] 
DEBUG: Esproc main path: null

[2020-09-09 09:37:36] 
INFO: The block size is empty.

[2020-09-09 09:37:36] 
DEBUG: Report main path: D:/dev/valhalla/src/main/webapp/WEB-INF/reportFiles

[2020-09-09 09:37:36] 
DEBUG: Input main path: D:/dev/valhalla/src/main/webapp/WEB-INF/reportFiles

[2020-09-09 09:37:36] 
仅限产品试用，禁止商用

[2020-09-09 09:37:36] 
INFO: Set The Max DataSet Rows Num to -1 , old value is -1

[2020-09-09 09:37:36] 
DEBUG: setCachePath :　cache/input

[2020-09-09 09:37:37] 
INFO: cluster members:null

[2020-09-09 09:37:37] 
DEBUG: web root is : D:\dev\valhalla\src\main\webapp\

[2020-09-09 09:37:38] 
INFO: DL System initing......

[2020-09-09 09:37:38] 
INFO: DL System initialized......

[2020-09-09 09:37:38] 
INFO: Guide initing......

[2020-09-09 09:37:38] 
INFO: Guide initialized......

[2020-09-09 09:38:03] 
INFO: 开始运算报表，首先取数......

[2020-09-09 09:38:04] 
INFO: 下面开始打出sql

[2020-09-09 09:38:04] 
INFO: hisds=SELECT INTERFACE_TRADE_LOGS.TRADE_NO,
       INTERFACE_TRADE_LOGS.TRADE_TYPE,
       INTERFACE_TRADE_LOGS.TRANS_ID,
       INTERFACE_TRADE_LOGS.DEVICEID,
       INTERFACE_TRADE_LOGS.OPERATOR,
       INTERFACE_TRADE_LOGS.TRADE_DATE,
       INTERFACE_TRADE_LOGS.RETURN_CODE,
       INTERFACE_TRADE_LOGS.SESSION_ID,
       INTERFACE_TRADE_LOGS.TERMINAL FROM INTERFACE_TRADE_LOGS
 WHERE 1 = 1
   and (INTERFACE_TRADE_LOGS.TRADE_TYPE = ? or ? is null)
   and (INTERFACE_TRADE_LOGS.DEVICEID = ? or ? is null) ORDER BY INTERFACE_TRADE_LOGS.TRADE_DATE DESC

[2020-09-09 09:38:04] 
INFO: arg0: null

[2020-09-09 09:38:04] 
INFO: arg1: null

[2020-09-09 09:38:04] 
INFO: arg2: default

[2020-09-09 09:38:04] 
INFO: arg3: default

[2020-09-09 09:38:05] 
INFO: 取数结束,开始运算

[2020-09-09 09:38:05] 
INFO: 报表图片处理......

[2020-09-09 09:38:05] 
INFO: 计算结束！

[2020-09-09 09:38:05] 
DEBUG: Export report begin, total pages :1

[2020-09-09 09:38:06] 
DEBUG: Page :1 OK.

[2020-09-09 09:39:12] 
INFO: 开始运算报表，首先取数......

[2020-09-09 09:39:12] 
INFO: 下面开始打出sql

[2020-09-09 09:39:12] 
INFO: hisds=SELECT INTERFACE_TRADE_LOGS.TRADE_NO,
       INTERFACE_TRADE_LOGS.TRADE_TYPE,
       INTERFACE_TRADE_LOGS.TRANS_ID,
       INTERFACE_TRADE_LOGS.DEVICEID,
       INTERFACE_TRADE_LOGS.OPERATOR,
       INTERFACE_TRADE_LOGS.TRADE_DATE,
       INTERFACE_TRADE_LOGS.RETURN_CODE,
       INTERFACE_TRADE_LOGS.SESSION_ID,
       INTERFACE_TRADE_LOGS.TERMINAL FROM INTERFACE_TRADE_LOGS
 WHERE 1 = 1
   and (INTERFACE_TRADE_LOGS.TRADE_TYPE = ? or ? is null)
   and (INTERFACE_TRADE_LOGS.DEVICEID = ? or ? is null) ORDER BY INTERFACE_TRADE_LOGS.TRADE_DATE DESC

[2020-09-09 09:39:12] 
INFO: arg0: null

[2020-09-09 09:39:12] 
INFO: arg1: null

[2020-09-09 09:39:12] 
INFO: arg2: default

[2020-09-09 09:39:12] 
INFO: arg3: default

[2020-09-09 09:39:13] 
INFO: 取数结束,开始运算

[2020-09-09 09:39:13] 
INFO: 报表图片处理......

[2020-09-09 09:39:13] 
INFO: 计算结束！

[2020-09-09 09:39:13] 
DEBUG: Export report begin, total pages :1

[2020-09-09 09:39:13] 
DEBUG: Page :1 OK.
