
[2020-09-07 08:58:24] 
DEBUG: Dfx path: D:/iflytek-imed/source/cbb/valhalla/src/main/webapp/WEB-INF/reportFiles

[2020-09-07 08:58:24] 
DEBUG: Esproc main path: null

[2020-09-07 08:58:24] 
INFO: The block size is empty.

[2020-09-07 08:58:24] 
DEBUG: Report main path: D:/iflytek-imed/source/cbb/valhalla/src/main/webapp/WEB-INF/reportFiles

[2020-09-07 08:58:24] 
DEBUG: Input main path: D:/iflytek-imed/source/cbb/valhalla/src/main/webapp/WEB-INF/reportFiles

[2020-09-07 08:58:25] 
仅限产品试用，禁止商用

[2020-09-07 08:58:25] 
INFO: Set The Max DataSet Rows Num to -1 , old value is -1

[2020-09-07 08:58:25] 
DEBUG: setCachePath :　cache/input

[2020-09-07 08:58:26] 
INFO: cluster members:null

[2020-09-07 08:58:26] 
DEBUG: web root is : D:\iflytek-imed\source\cbb\valhalla\src\main\webapp\

[2020-09-07 08:58:26] 
INFO: Report Center Config File: /WEB-INF/reportCenter.xml

[2020-09-07 08:58:26] 
INFO: get home path :

[2020-09-07 08:58:26] 
SEVERE: please config <home> tag in reportCenter.xml

[2020-09-07 08:58:26] 
DEBUG: center initialized

[2020-09-07 08:58:26] 
INFO: DL System initing......

[2020-09-07 08:58:26] 
INFO: DL System initialized......

[2020-09-07 08:58:26] 
INFO: Guide initing......

[2020-09-07 08:58:26] 
INFO: Guide initialized......

[2020-09-07 11:00:01] 
DEBUG: Dfx path: D:/iflytek-imed/source/cbb/valhalla/src/main/webapp/WEB-INF/reportFiles

[2020-09-07 11:00:01] 
DEBUG: Esproc main path: null

[2020-09-07 11:00:01] 
INFO: The block size is empty.

[2020-09-07 11:00:01] 
DEBUG: Report main path: D:/iflytek-imed/source/cbb/valhalla/src/main/webapp/WEB-INF/reportFiles

[2020-09-07 11:00:01] 
DEBUG: Input main path: D:/iflytek-imed/source/cbb/valhalla/src/main/webapp/WEB-INF/reportFiles

[2020-09-07 11:00:01] 
仅限产品试用，禁止商用

[2020-09-07 11:00:01] 
INFO: Set The Max DataSet Rows Num to -1 , old value is -1

[2020-09-07 11:00:01] 
DEBUG: setCachePath :　cache/input

[2020-09-07 11:00:02] 
INFO: cluster members:null

[2020-09-07 11:00:02] 
DEBUG: web root is : D:\iflytek-imed\source\cbb\valhalla\src\main\webapp\

[2020-09-07 11:00:02] 
INFO: Report Center Config File: /WEB-INF/reportCenter.xml

[2020-09-07 11:00:02] 
INFO: get home path :

[2020-09-07 11:00:02] 
SEVERE: please config <home> tag in reportCenter.xml

[2020-09-07 11:00:02] 
DEBUG: center initialized

[2020-09-07 11:00:02] 
INFO: DL System initing......

[2020-09-07 11:00:02] 
INFO: DL System initialized......

[2020-09-07 11:00:02] 
INFO: Guide initing......

[2020-09-07 11:00:02] 
INFO: Guide initialized......

[2020-09-07 11:07:34] 
DEBUG: Dfx path: D:/iflytek-imed/source/cbb/valhalla/src/main/webapp/WEB-INF/reportFiles

[2020-09-07 11:07:34] 
DEBUG: Esproc main path: null

[2020-09-07 11:07:34] 
INFO: The block size is empty.

[2020-09-07 11:07:34] 
DEBUG: Report main path: D:/iflytek-imed/source/cbb/valhalla/src/main/webapp/WEB-INF/reportFiles

[2020-09-07 11:07:34] 
DEBUG: Input main path: D:/iflytek-imed/source/cbb/valhalla/src/main/webapp/WEB-INF/reportFiles

[2020-09-07 11:07:34] 
仅限产品试用，禁止商用

[2020-09-07 11:07:34] 
INFO: Set The Max DataSet Rows Num to -1 , old value is -1

[2020-09-07 11:07:34] 
DEBUG: setCachePath :　cache/input

[2020-09-07 11:07:35] 
INFO: cluster members:null

[2020-09-07 11:07:35] 
DEBUG: web root is : D:\iflytek-imed\source\cbb\valhalla\src\main\webapp\

[2020-09-07 11:07:35] 
INFO: Report Center Config File: /WEB-INF/reportCenter.xml

[2020-09-07 11:07:35] 
INFO: get home path :

[2020-09-07 11:07:35] 
SEVERE: please config <home> tag in reportCenter.xml

[2020-09-07 11:07:35] 
DEBUG: center initialized

[2020-09-07 11:07:35] 
INFO: DL System initing......

[2020-09-07 11:07:35] 
INFO: DL System initialized......

[2020-09-07 11:07:35] 
INFO: Guide initing......

[2020-09-07 11:07:35] 
INFO: Guide initialized......

[2020-09-07 11:08:59] 
DEBUG: Dfx path: D:/iflytek-imed/source/cbb/valhalla/src/main/webapp/WEB-INF/reportFiles

[2020-09-07 11:08:59] 
DEBUG: Esproc main path: null

[2020-09-07 11:08:59] 
INFO: The block size is empty.

[2020-09-07 11:08:59] 
DEBUG: Report main path: D:/iflytek-imed/source/cbb/valhalla/src/main/webapp/WEB-INF/reportFiles

[2020-09-07 11:08:59] 
DEBUG: Input main path: D:/iflytek-imed/source/cbb/valhalla/src/main/webapp/WEB-INF/reportFiles

[2020-09-07 11:08:59] 
仅限产品试用，禁止商用

[2020-09-07 11:08:59] 
INFO: Set The Max DataSet Rows Num to -1 , old value is -1

[2020-09-07 11:08:59] 
DEBUG: setCachePath :　cache/input

[2020-09-07 11:09:00] 
INFO: cluster members:null

[2020-09-07 11:09:00] 
DEBUG: web root is : D:\iflytek-imed\source\cbb\valhalla\src\main\webapp\

[2020-09-07 11:09:00] 
INFO: Report Center Config File: /WEB-INF/reportCenter.xml

[2020-09-07 11:09:00] 
INFO: get home path :

[2020-09-07 11:09:00] 
SEVERE: please config <home> tag in reportCenter.xml

[2020-09-07 11:09:00] 
DEBUG: center initialized

[2020-09-07 11:09:00] 
INFO: DL System initing......

[2020-09-07 11:09:00] 
INFO: DL System initialized......

[2020-09-07 11:09:00] 
INFO: Guide initing......

[2020-09-07 11:09:00] 
INFO: Guide initialized......

[2020-09-07 11:11:11] 
DEBUG: Dfx path: D:/iflytek-imed/source/cbb/valhalla/src/main/webapp/WEB-INF/reportFiles

[2020-09-07 11:11:11] 
DEBUG: Esproc main path: null

[2020-09-07 11:11:11] 
INFO: The block size is empty.

[2020-09-07 11:11:11] 
DEBUG: Report main path: D:/iflytek-imed/source/cbb/valhalla/src/main/webapp/WEB-INF/reportFiles

[2020-09-07 11:11:11] 
DEBUG: Input main path: D:/iflytek-imed/source/cbb/valhalla/src/main/webapp/WEB-INF/reportFiles

[2020-09-07 11:11:12] 
仅限产品试用，禁止商用

[2020-09-07 11:11:12] 
INFO: Set The Max DataSet Rows Num to -1 , old value is -1

[2020-09-07 11:11:12] 
DEBUG: setCachePath :　cache/input

[2020-09-07 11:11:13] 
INFO: cluster members:null

[2020-09-07 11:11:13] 
DEBUG: web root is : D:\iflytek-imed\source\cbb\valhalla\src\main\webapp\

[2020-09-07 11:11:13] 
INFO: Report Center Config File: /WEB-INF/reportCenter.xml

[2020-09-07 11:11:13] 
INFO: get home path :

[2020-09-07 11:11:13] 
SEVERE: please config <home> tag in reportCenter.xml

[2020-09-07 11:11:13] 
DEBUG: center initialized

[2020-09-07 11:11:13] 
INFO: DL System initing......

[2020-09-07 11:11:13] 
INFO: DL System initialized......

[2020-09-07 11:11:13] 
INFO: Guide initing......

[2020-09-07 11:11:13] 
INFO: Guide initialized......

[2020-09-07 11:20:05] 
DEBUG: Dfx path: D:/iflytek-imed/source/cbb/valhalla/src/main/webapp/WEB-INF/reportFiles

[2020-09-07 11:20:05] 
DEBUG: Esproc main path: null

[2020-09-07 11:20:05] 
INFO: The block size is empty.

[2020-09-07 11:20:05] 
DEBUG: Report main path: D:/iflytek-imed/source/cbb/valhalla/src/main/webapp/WEB-INF/reportFiles

[2020-09-07 11:20:05] 
DEBUG: Input main path: D:/iflytek-imed/source/cbb/valhalla/src/main/webapp/WEB-INF/reportFiles

[2020-09-07 11:20:05] 
仅限产品试用，禁止商用

[2020-09-07 11:20:05] 
INFO: Set The Max DataSet Rows Num to -1 , old value is -1

[2020-09-07 11:20:05] 
DEBUG: setCachePath :　cache/input

[2020-09-07 11:20:06] 
INFO: cluster members:null

[2020-09-07 11:20:06] 
DEBUG: web root is : D:\iflytek-imed\source\cbb\valhalla\src\main\webapp\

[2020-09-07 11:20:06] 
INFO: Report Center Config File: /WEB-INF/reportCenter.xml

[2020-09-07 11:20:06] 
INFO: get home path :

[2020-09-07 11:20:06] 
SEVERE: please config <home> tag in reportCenter.xml

[2020-09-07 11:20:06] 
DEBUG: center initialized

[2020-09-07 11:20:06] 
INFO: DL System initing......

[2020-09-07 11:20:06] 
INFO: DL System initialized......

[2020-09-07 11:20:06] 
INFO: Guide initing......

[2020-09-07 11:20:06] 
INFO: Guide initialized......

[2020-09-07 11:32:48] 
DEBUG: Dfx path: D:/iflytek-imed/source/cbb/valhalla/src/main/webapp/WEB-INF/reportFiles

[2020-09-07 11:32:48] 
DEBUG: Esproc main path: null

[2020-09-07 11:32:48] 
INFO: The block size is empty.

[2020-09-07 11:32:48] 
DEBUG: Report main path: D:/iflytek-imed/source/cbb/valhalla/src/main/webapp/WEB-INF/reportFiles

[2020-09-07 11:32:48] 
DEBUG: Input main path: D:/iflytek-imed/source/cbb/valhalla/src/main/webapp/WEB-INF/reportFiles

[2020-09-07 11:32:48] 
仅限产品试用，禁止商用

[2020-09-07 11:32:48] 
INFO: Set The Max DataSet Rows Num to -1 , old value is -1

[2020-09-07 11:32:48] 
DEBUG: setCachePath :　cache/input

[2020-09-07 11:32:49] 
INFO: cluster members:null

[2020-09-07 11:32:49] 
DEBUG: web root is : D:\iflytek-imed\source\cbb\valhalla\src\main\webapp\

[2020-09-07 11:32:49] 
INFO: Report Center Config File: /WEB-INF/reportCenter.xml

[2020-09-07 11:32:49] 
INFO: get home path :

[2020-09-07 11:32:49] 
SEVERE: please config <home> tag in reportCenter.xml

[2020-09-07 11:32:49] 
DEBUG: center initialized

[2020-09-07 11:32:49] 
INFO: DL System initing......

[2020-09-07 11:32:49] 
INFO: DL System initialized......

[2020-09-07 11:32:49] 
INFO: Guide initing......

[2020-09-07 11:32:49] 
INFO: Guide initialized......

[2020-09-07 11:35:04] 
DEBUG: Dfx path: D:/iflytek-imed/source/cbb/valhalla/src/main/webapp/WEB-INF/reportFiles

[2020-09-07 11:35:04] 
DEBUG: Esproc main path: null

[2020-09-07 11:35:04] 
INFO: The block size is empty.

[2020-09-07 11:35:04] 
DEBUG: Report main path: D:/iflytek-imed/source/cbb/valhalla/src/main/webapp/WEB-INF/reportFiles

[2020-09-07 11:35:04] 
DEBUG: Input main path: D:/iflytek-imed/source/cbb/valhalla/src/main/webapp/WEB-INF/reportFiles

[2020-09-07 11:35:04] 
仅限产品试用，禁止商用

[2020-09-07 11:35:04] 
INFO: Set The Max DataSet Rows Num to -1 , old value is -1

[2020-09-07 11:35:04] 
DEBUG: setCachePath :　cache/input

[2020-09-07 11:35:05] 
INFO: cluster members:null

[2020-09-07 11:35:05] 
DEBUG: web root is : D:\iflytek-imed\source\cbb\valhalla\src\main\webapp\

[2020-09-07 11:35:05] 
INFO: Report Center Config File: /WEB-INF/reportCenter.xml

[2020-09-07 11:35:05] 
INFO: get home path :

[2020-09-07 11:35:05] 
SEVERE: please config <home> tag in reportCenter.xml

[2020-09-07 11:35:05] 
DEBUG: center initialized

[2020-09-07 11:35:05] 
INFO: DL System initing......

[2020-09-07 11:35:05] 
INFO: DL System initialized......

[2020-09-07 11:35:05] 
INFO: Guide initing......

[2020-09-07 11:35:05] 
INFO: Guide initialized......

[2020-09-07 16:20:48] 
DEBUG: Dfx path: D:/dev/valhalla/src/main/webapp/WEB-INF/reportFiles

[2020-09-07 16:20:48] 
DEBUG: Esproc main path: null

[2020-09-07 16:20:48] 
INFO: The block size is empty.

[2020-09-07 16:20:48] 
DEBUG: Report main path: D:/dev/valhalla/src/main/webapp/WEB-INF/reportFiles

[2020-09-07 16:20:48] 
DEBUG: Input main path: D:/dev/valhalla/src/main/webapp/WEB-INF/reportFiles

[2020-09-07 16:20:48] 
仅限产品试用，禁止商用

[2020-09-07 16:20:48] 
INFO: Set The Max DataSet Rows Num to -1 , old value is -1

[2020-09-07 16:20:48] 
DEBUG: setCachePath :　cache/input

[2020-09-07 16:20:50] 
INFO: cluster members:null

[2020-09-07 16:20:50] 
DEBUG: web root is : D:\dev\valhalla\src\main\webapp\

[2020-09-07 16:20:50] 
INFO: Report Center Config File: /WEB-INF/reportCenter.xml

[2020-09-07 16:20:50] 
INFO: get home path :

[2020-09-07 16:20:50] 
SEVERE: please config <home> tag in reportCenter.xml

[2020-09-07 16:20:50] 
DEBUG: center initialized

[2020-09-07 16:20:50] 
INFO: DL System initing......

[2020-09-07 16:20:50] 
INFO: DL System initialized......

[2020-09-07 16:20:50] 
INFO: Guide initing......

[2020-09-07 16:20:50] 
INFO: Guide initialized......

[2020-09-07 16:26:24] 
DEBUG: Dfx path: D:/dev/valhalla/src/main/webapp/WEB-INF/reportFiles

[2020-09-07 16:26:24] 
DEBUG: Esproc main path: null

[2020-09-07 16:26:24] 
INFO: The block size is empty.

[2020-09-07 16:26:24] 
DEBUG: Report main path: D:/dev/valhalla/src/main/webapp/WEB-INF/reportFiles

[2020-09-07 16:26:24] 
DEBUG: Input main path: D:/dev/valhalla/src/main/webapp/WEB-INF/reportFiles

[2020-09-07 16:26:24] 
仅限产品试用，禁止商用

[2020-09-07 16:26:24] 
INFO: Set The Max DataSet Rows Num to -1 , old value is -1

[2020-09-07 16:26:24] 
DEBUG: setCachePath :　cache/input

[2020-09-07 16:26:26] 
INFO: cluster members:null

[2020-09-07 16:26:26] 
DEBUG: web root is : D:\dev\valhalla\src\main\webapp\

[2020-09-07 16:26:26] 
INFO: Report Center Config File: /WEB-INF/reportCenter.xml

[2020-09-07 16:26:26] 
INFO: get home path :

[2020-09-07 16:26:26] 
SEVERE: please config <home> tag in reportCenter.xml

[2020-09-07 16:26:26] 
DEBUG: center initialized

[2020-09-07 16:26:26] 
INFO: DL System initing......

[2020-09-07 16:26:26] 
INFO: DL System initialized......

[2020-09-07 16:26:26] 
INFO: Guide initing......

[2020-09-07 16:26:26] 
INFO: Guide initialized......

[2020-09-07 16:46:05] 
DEBUG: Dfx path: D:/dev/valhalla/src/main/webapp/WEB-INF/reportFiles

[2020-09-07 16:46:05] 
DEBUG: Esproc main path: null

[2020-09-07 16:46:05] 
INFO: The block size is empty.

[2020-09-07 16:46:05] 
DEBUG: Report main path: D:/dev/valhalla/src/main/webapp/WEB-INF/reportFiles

[2020-09-07 16:46:05] 
DEBUG: Input main path: D:/dev/valhalla/src/main/webapp/WEB-INF/reportFiles

[2020-09-07 16:46:05] 
仅限产品试用，禁止商用

[2020-09-07 16:46:05] 
INFO: Set The Max DataSet Rows Num to -1 , old value is -1

[2020-09-07 16:46:05] 
DEBUG: setCachePath :　cache/input

[2020-09-07 16:46:06] 
INFO: cluster members:null

[2020-09-07 16:46:06] 
DEBUG: web root is : D:\dev\valhalla\src\main\webapp\

[2020-09-07 16:46:06] 
INFO: Report Center Config File: /WEB-INF/reportCenter.xml

[2020-09-07 16:46:06] 
INFO: get home path :

[2020-09-07 16:46:06] 
SEVERE: please config <home> tag in reportCenter.xml

[2020-09-07 16:46:06] 
DEBUG: center initialized

[2020-09-07 16:46:06] 
INFO: DL System initing......

[2020-09-07 16:46:06] 
INFO: DL System initialized......

[2020-09-07 16:46:06] 
INFO: Guide initing......

[2020-09-07 16:46:06] 
INFO: Guide initialized......

[2020-09-07 16:47:11] 
DEBUG: Dfx path: D:/dev/valhalla/src/main/webapp/WEB-INF/reportFiles

[2020-09-07 16:47:11] 
DEBUG: Esproc main path: null

[2020-09-07 16:47:11] 
INFO: The block size is empty.

[2020-09-07 16:47:11] 
DEBUG: Report main path: D:/dev/valhalla/src/main/webapp/WEB-INF/reportFiles

[2020-09-07 16:47:11] 
DEBUG: Input main path: D:/dev/valhalla/src/main/webapp/WEB-INF/reportFiles

[2020-09-07 16:47:11] 
仅限产品试用，禁止商用

[2020-09-07 16:47:11] 
INFO: Set The Max DataSet Rows Num to -1 , old value is -1

[2020-09-07 16:47:11] 
DEBUG: setCachePath :　cache/input

[2020-09-07 16:47:12] 
INFO: cluster members:null

[2020-09-07 16:47:12] 
DEBUG: web root is : D:\dev\valhalla\src\main\webapp\

[2020-09-07 16:47:12] 
INFO: Report Center Config File: /WEB-INF/reportCenter.xml

[2020-09-07 16:47:12] 
INFO: get home path :

[2020-09-07 16:47:12] 
SEVERE: please config <home> tag in reportCenter.xml

[2020-09-07 16:47:12] 
DEBUG: center initialized

[2020-09-07 16:47:12] 
INFO: DL System initing......

[2020-09-07 16:47:12] 
INFO: DL System initialized......

[2020-09-07 16:47:12] 
INFO: Guide initing......

[2020-09-07 16:47:12] 
INFO: Guide initialized......

[2020-09-07 16:49:37] 
DEBUG: Dfx path: D:/dev/valhalla/src/main/webapp/WEB-INF/reportFiles

[2020-09-07 16:49:37] 
DEBUG: Esproc main path: null

[2020-09-07 16:49:37] 
INFO: The block size is empty.

[2020-09-07 16:49:37] 
DEBUG: Report main path: D:/dev/valhalla/src/main/webapp/WEB-INF/reportFiles

[2020-09-07 16:49:37] 
DEBUG: Input main path: D:/dev/valhalla/src/main/webapp/WEB-INF/reportFiles

[2020-09-07 16:49:37] 
仅限产品试用，禁止商用

[2020-09-07 16:49:37] 
INFO: Set The Max DataSet Rows Num to -1 , old value is -1

[2020-09-07 16:49:37] 
DEBUG: setCachePath :　cache/input

[2020-09-07 16:49:39] 
INFO: cluster members:null

[2020-09-07 16:49:39] 
DEBUG: web root is : D:\dev\valhalla\src\main\webapp\

[2020-09-07 16:49:39] 
INFO: Report Center Config File: /WEB-INF/reportCenter.xml

[2020-09-07 16:49:39] 
INFO: get home path :

[2020-09-07 16:49:39] 
SEVERE: please config <home> tag in reportCenter.xml

[2020-09-07 16:49:39] 
DEBUG: center initialized

[2020-09-07 16:49:39] 
INFO: DL System initing......

[2020-09-07 16:49:39] 
INFO: DL System initialized......

[2020-09-07 16:49:39] 
INFO: Guide initing......

[2020-09-07 16:49:39] 
INFO: Guide initialized......

[2020-09-07 16:50:41] 
INFO: 开始运算报表，首先取数......

[2020-09-07 16:50:41] 
INFO: 取数结束,开始运算

[2020-09-07 16:50:41] 
INFO: 报表图片处理......

[2020-09-07 16:50:41] 
INFO: 计算结束！

[2020-09-07 16:50:52] 
INFO: 开始运算报表，首先取数......

[2020-09-07 16:50:52] 
INFO: 取数结束,开始运算

[2020-09-07 16:50:52] 
INFO: 报表图片处理......

[2020-09-07 16:50:52] 
INFO: 计算结束！

[2020-09-07 16:58:53] 
DEBUG: Dfx path: D:/dev/valhalla/src/main/webapp/WEB-INF/reportFiles

[2020-09-07 16:58:53] 
DEBUG: Esproc main path: null

[2020-09-07 16:58:53] 
INFO: The block size is empty.

[2020-09-07 16:58:53] 
DEBUG: Report main path: D:/dev/valhalla/src/main/webapp/WEB-INF/reportFiles

[2020-09-07 16:58:53] 
DEBUG: Input main path: D:/dev/valhalla/src/main/webapp/WEB-INF/reportFiles

[2020-09-07 16:58:53] 
仅限产品试用，禁止商用

[2020-09-07 16:58:53] 
INFO: Set The Max DataSet Rows Num to -1 , old value is -1

[2020-09-07 16:58:53] 
DEBUG: setCachePath :　cache/input

[2020-09-07 16:58:55] 
INFO: cluster members:null

[2020-09-07 16:58:55] 
DEBUG: web root is : D:\dev\valhalla\src\main\webapp\

[2020-09-07 16:58:55] 
INFO: Report Center Config File: /WEB-INF/reportCenter.xml

[2020-09-07 16:58:55] 
INFO: get home path :

[2020-09-07 16:58:55] 
SEVERE: please config <home> tag in reportCenter.xml

[2020-09-07 16:58:55] 
DEBUG: center initialized

[2020-09-07 16:58:55] 
INFO: DL System initing......

[2020-09-07 16:58:55] 
INFO: DL System initialized......

[2020-09-07 16:58:55] 
INFO: Guide initing......

[2020-09-07 16:58:55] 
INFO: Guide initialized......

[2020-09-07 17:00:00] 
INFO: 开始运算报表，首先取数......

[2020-09-07 17:00:00] 
INFO: 取数结束,开始运算

[2020-09-07 17:00:00] 
INFO: 报表图片处理......

[2020-09-07 17:00:00] 
INFO: 计算结束！

[2020-09-07 17:05:45] 
DEBUG: Dfx path: D:/dev/valhalla/src/main/webapp/WEB-INF/reportFiles

[2020-09-07 17:05:45] 
DEBUG: Esproc main path: null

[2020-09-07 17:05:45] 
INFO: The block size is empty.

[2020-09-07 17:05:45] 
DEBUG: Report main path: D:/dev/valhalla/src/main/webapp/WEB-INF/reportFiles

[2020-09-07 17:05:45] 
DEBUG: Input main path: D:/dev/valhalla/src/main/webapp/WEB-INF/reportFiles

[2020-09-07 17:05:45] 
仅限产品试用，禁止商用

[2020-09-07 17:05:45] 
INFO: Set The Max DataSet Rows Num to -1 , old value is -1

[2020-09-07 17:05:45] 
DEBUG: setCachePath :　cache/input

[2020-09-07 17:05:46] 
INFO: cluster members:null

[2020-09-07 17:05:46] 
DEBUG: web root is : D:\dev\valhalla\src\main\webapp\

[2020-09-07 17:05:46] 
INFO: Report Center Config File: /WEB-INF/reportCenter.xml

[2020-09-07 17:05:46] 
INFO: get home path :

[2020-09-07 17:05:46] 
SEVERE: please config <home> tag in reportCenter.xml

[2020-09-07 17:05:46] 
DEBUG: center initialized

[2020-09-07 17:05:46] 
INFO: DL System initing......

[2020-09-07 17:05:46] 
INFO: DL System initialized......

[2020-09-07 17:05:46] 
INFO: Guide initing......

[2020-09-07 17:05:46] 
INFO: Guide initialized......

[2020-09-07 17:17:05] 
DEBUG: Dfx path: D:/dev/valhalla/src/main/webapp/WEB-INF/reportFiles

[2020-09-07 17:17:05] 
DEBUG: Esproc main path: null

[2020-09-07 17:17:05] 
INFO: The block size is empty.

[2020-09-07 17:17:05] 
DEBUG: Report main path: D:/dev/valhalla/src/main/webapp/WEB-INF/reportFiles

[2020-09-07 17:17:05] 
DEBUG: Input main path: D:/dev/valhalla/src/main/webapp/WEB-INF/reportFiles

[2020-09-07 17:17:05] 
仅限产品试用，禁止商用

[2020-09-07 17:17:05] 
INFO: Set The Max DataSet Rows Num to -1 , old value is -1

[2020-09-07 17:17:05] 
DEBUG: setCachePath :　cache/input

[2020-09-07 17:17:06] 
INFO: cluster members:null

[2020-09-07 17:17:06] 
DEBUG: web root is : D:\dev\valhalla\src\main\webapp\

[2020-09-07 17:17:06] 
INFO: Report Center Config File: /WEB-INF/reportCenter.xml

[2020-09-07 17:17:06] 
INFO: get home path :

[2020-09-07 17:17:06] 
SEVERE: please config <home> tag in reportCenter.xml

[2020-09-07 17:17:06] 
DEBUG: center initialized

[2020-09-07 17:17:06] 
INFO: DL System initing......

[2020-09-07 17:17:06] 
INFO: DL System initialized......

[2020-09-07 17:17:06] 
INFO: Guide initing......

[2020-09-07 17:17:06] 
INFO: Guide initialized......

[2020-09-07 17:19:05] 
DEBUG: Dfx path: D:/dev/valhalla/src/main/webapp/WEB-INF/reportFiles

[2020-09-07 17:19:05] 
DEBUG: Esproc main path: null

[2020-09-07 17:19:05] 
INFO: The block size is empty.

[2020-09-07 17:19:05] 
DEBUG: Report main path: D:/dev/valhalla/src/main/webapp/WEB-INF/reportFiles

[2020-09-07 17:19:05] 
DEBUG: Input main path: D:/dev/valhalla/src/main/webapp/WEB-INF/reportFiles

[2020-09-07 17:19:05] 
仅限产品试用，禁止商用

[2020-09-07 17:19:05] 
INFO: Set The Max DataSet Rows Num to -1 , old value is -1

[2020-09-07 17:19:05] 
DEBUG: setCachePath :　cache/input

[2020-09-07 17:19:06] 
INFO: cluster members:null

[2020-09-07 17:19:06] 
DEBUG: web root is : D:\dev\valhalla\src\main\webapp\

[2020-09-07 17:19:06] 
INFO: Report Center Config File: /WEB-INF/reportCenter.xml

[2020-09-07 17:19:06] 
INFO: get home path :

[2020-09-07 17:19:06] 
SEVERE: please config <home> tag in reportCenter.xml

[2020-09-07 17:19:06] 
DEBUG: center initialized

[2020-09-07 17:19:06] 
INFO: DL System initing......

[2020-09-07 17:19:06] 
INFO: DL System initialized......

[2020-09-07 17:19:06] 
INFO: Guide initing......

[2020-09-07 17:19:06] 
INFO: Guide initialized......

[2020-09-07 17:21:55] 
INFO: 开始运算报表，首先取数......

[2020-09-07 17:21:55] 
SEVERE: 产生数据工厂: com.raqsoft.report.dataset.SQLDataSetFactory 失败
: 数据集ds1中，数据源postgres-dev无数据库连接，且未设定数据连接工厂，请检查数据源设定：
	at com.raqsoft.report.dataset.SQLDataSetFactory.createDataSetM(Unknown Source:91)
	at com.raqsoft.report.usermodel.Engine._$1(Unknown Source:205)
	at com.raqsoft.report.usermodel.Engine._$1(Unknown Source:189)
	at com.raqsoft.report.usermodel.Engine.calc(Unknown Source:132)
	at com.iflytek.zhyl.valhalla.service.TestService.html(TestService.java:25)
	at sun.reflect.NativeMethodAccessorImpl.invoke0(Native Method)
	at sun.reflect.NativeMethodAccessorImpl.invoke(NativeMethodAccessorImpl.java:62)
	at sun.reflect.DelegatingMethodAccessorImpl.invoke(DelegatingMethodAccessorImpl.java:43)
	at java.lang.reflect.Method.invoke(Method.java:498)
	at org.springframework.web.method.support.InvocableHandlerMethod.doInvoke(InvocableHandlerMethod.java:190)
	at org.springframework.web.method.support.InvocableHandlerMethod.invokeForRequest(InvocableHandlerMethod.java:138)
	at org.springframework.web.servlet.mvc.method.annotation.ServletInvocableHandlerMethod.invokeAndHandle(ServletInvocableHandlerMethod.java:105)
	at org.springframework.web.servlet.mvc.method.annotation.RequestMappingHandlerAdapter.invokeHandlerMethod(RequestMappingHandlerAdapter.java:893)
	at org.springframework.web.servlet.mvc.method.annotation.RequestMappingHandlerAdapter.handleInternal(RequestMappingHandlerAdapter.java:798)
	at org.springframework.web.servlet.mvc.method.AbstractHandlerMethodAdapter.handle(AbstractHandlerMethodAdapter.java:87)
	at org.springframework.web.servlet.DispatcherServlet.doDispatch(DispatcherServlet.java:1040)
	at org.springframework.web.servlet.DispatcherServlet.doService(DispatcherServlet.java:943)
	at org.springframework.web.servlet.FrameworkServlet.processRequest(FrameworkServlet.java:1006)
	at org.springframework.web.servlet.FrameworkServlet.doGet(FrameworkServlet.java:898)
	at javax.servlet.http.HttpServlet.service(HttpServlet.java:634)
	at org.springframework.web.servlet.FrameworkServlet.service(FrameworkServlet.java:883)
	at javax.servlet.http.HttpServlet.service(HttpServlet.java:741)
	at org.apache.catalina.core.ApplicationFilterChain.internalDoFilter(ApplicationFilterChain.java:231)
	at org.apache.catalina.core.ApplicationFilterChain.doFilter(ApplicationFilterChain.java:166)
	at org.apache.tomcat.websocket.server.WsFilter.doFilter(WsFilter.java:53)
	at org.apache.catalina.core.ApplicationFilterChain.internalDoFilter(ApplicationFilterChain.java:193)
	at org.apache.catalina.core.ApplicationFilterChain.doFilter(ApplicationFilterChain.java:166)
	at com.iflytek.medicalboot.core.context.MedicalFilter.doFilter(MedicalFilter.java:29)
	at org.apache.catalina.core.ApplicationFilterChain.internalDoFilter(ApplicationFilterChain.java:193)
	at org.apache.catalina.core.ApplicationFilterChain.doFilter(ApplicationFilterChain.java:166)
	at org.springframework.boot.actuate.web.trace.servlet.HttpTraceFilter.doFilterInternal(HttpTraceFilter.java:88)
	at org.springframework.web.filter.OncePerRequestFilter.doFilter(OncePerRequestFilter.java:119)
	at org.apache.catalina.core.ApplicationFilterChain.internalDoFilter(ApplicationFilterChain.java:193)
	at org.apache.catalina.core.ApplicationFilterChain.doFilter(ApplicationFilterChain.java:166)
	at org.springframework.web.filter.RequestContextFilter.doFilterInternal(RequestContextFilter.java:100)
	at org.springframework.web.filter.OncePerRequestFilter.doFilter(OncePerRequestFilter.java:119)
	at org.apache.catalina.core.ApplicationFilterChain.internalDoFilter(ApplicationFilterChain.java:193)
	at org.apache.catalina.core.ApplicationFilterChain.doFilter(ApplicationFilterChain.java:166)
	at org.springframework.web.filter.FormContentFilter.doFilterInternal(FormContentFilter.java:93)
	at org.springframework.web.filter.OncePerRequestFilter.doFilter(OncePerRequestFilter.java:119)
	at org.apache.catalina.core.ApplicationFilterChain.internalDoFilter(ApplicationFilterChain.java:193)
	at org.apache.catalina.core.ApplicationFilterChain.doFilter(ApplicationFilterChain.java:166)
	at org.springframework.web.filter.HiddenHttpMethodFilter.doFilterInternal(HiddenHttpMethodFilter.java:94)
	at org.springframework.web.filter.OncePerRequestFilter.doFilter(OncePerRequestFilter.java:119)
	at org.apache.catalina.core.ApplicationFilterChain.internalDoFilter(ApplicationFilterChain.java:193)
	at org.apache.catalina.core.ApplicationFilterChain.doFilter(ApplicationFilterChain.java:166)
	at org.springframework.boot.actuate.metrics.web.servlet.WebMvcMetricsFilter.filterAndRecordMetrics(WebMvcMetricsFilter.java:114)
	at org.springframework.boot.actuate.metrics.web.servlet.WebMvcMetricsFilter.doFilterInternal(WebMvcMetricsFilter.java:104)
	at org.springframework.web.filter.OncePerRequestFilter.doFilter(OncePerRequestFilter.java:119)
	at org.apache.catalina.core.ApplicationFilterChain.internalDoFilter(ApplicationFilterChain.java:193)
	at org.apache.catalina.core.ApplicationFilterChain.doFilter(ApplicationFilterChain.java:166)
	at org.springframework.web.filter.CharacterEncodingFilter.doFilterInternal(CharacterEncodingFilter.java:201)
	at org.springframework.web.filter.OncePerRequestFilter.doFilter(OncePerRequestFilter.java:119)
	at org.apache.catalina.core.ApplicationFilterChain.internalDoFilter(ApplicationFilterChain.java:193)
	at org.apache.catalina.core.ApplicationFilterChain.doFilter(ApplicationFilterChain.java:166)
	at org.apache.catalina.core.StandardWrapperValve.invoke(StandardWrapperValve.java:202)
	at org.apache.catalina.core.StandardContextValve.invoke(StandardContextValve.java:96)
	at org.apache.catalina.authenticator.AuthenticatorBase.invoke(AuthenticatorBase.java:541)
	at org.apache.catalina.core.StandardHostValve.invoke(StandardHostValve.java:139)
	at org.apache.catalina.valves.ErrorReportValve.invoke(ErrorReportValve.java:92)
	at org.apache.catalina.core.StandardEngineValve.invoke(StandardEngineValve.java:74)
	at org.apache.catalina.connector.CoyoteAdapter.service(CoyoteAdapter.java:343)
	at org.apache.coyote.http11.Http11Processor.service(Http11Processor.java:373)
	at org.apache.coyote.AbstractProcessorLight.process(AbstractProcessorLight.java:65)
	at org.apache.coyote.AbstractProtocol$ConnectionHandler.process(AbstractProtocol.java:868)
	at org.apache.tomcat.util.net.NioEndpoint$SocketProcessor.doRun(NioEndpoint.java:1590)
	at org.apache.tomcat.util.net.SocketProcessorBase.run(SocketProcessorBase.java:49)
	at java.util.concurrent.ThreadPoolExecutor.runWorker(ThreadPoolExecutor.java:1149)
	at java.util.concurrent.ThreadPoolExecutor$Worker.run(ThreadPoolExecutor.java:624)
	at org.apache.tomcat.util.threads.TaskThread$WrappingRunnable.run(TaskThread.java:61)
	at java.lang.Thread.run(Thread.java:748)

[2020-09-07 17:23:31] 
INFO: 开始运算报表，首先取数......

[2020-09-07 17:23:31] 
SEVERE: 产生数据工厂: com.raqsoft.report.dataset.SQLDataSetFactory 失败
: 数据集ds1中，数据源postgres-dev无数据库连接，且未设定数据连接工厂，请检查数据源设定：
	at com.raqsoft.report.dataset.SQLDataSetFactory.createDataSetM(Unknown Source:91)
	at com.raqsoft.report.usermodel.Engine._$1(Unknown Source:205)
	at com.raqsoft.report.usermodel.Engine._$1(Unknown Source:189)
	at com.raqsoft.report.usermodel.Engine.calc(Unknown Source:132)
	at com.iflytek.zhyl.valhalla.service.TestService.html(TestService.java:25)
	at sun.reflect.NativeMethodAccessorImpl.invoke0(Native Method)
	at sun.reflect.NativeMethodAccessorImpl.invoke(NativeMethodAccessorImpl.java:62)
	at sun.reflect.DelegatingMethodAccessorImpl.invoke(DelegatingMethodAccessorImpl.java:43)
	at java.lang.reflect.Method.invoke(Method.java:498)
	at org.springframework.web.method.support.InvocableHandlerMethod.doInvoke(InvocableHandlerMethod.java:190)
	at org.springframework.web.method.support.InvocableHandlerMethod.invokeForRequest(InvocableHandlerMethod.java:138)
	at org.springframework.web.servlet.mvc.method.annotation.ServletInvocableHandlerMethod.invokeAndHandle(ServletInvocableHandlerMethod.java:105)
	at org.springframework.web.servlet.mvc.method.annotation.RequestMappingHandlerAdapter.invokeHandlerMethod(RequestMappingHandlerAdapter.java:893)
	at org.springframework.web.servlet.mvc.method.annotation.RequestMappingHandlerAdapter.handleInternal(RequestMappingHandlerAdapter.java:798)
	at org.springframework.web.servlet.mvc.method.AbstractHandlerMethodAdapter.handle(AbstractHandlerMethodAdapter.java:87)
	at org.springframework.web.servlet.DispatcherServlet.doDispatch(DispatcherServlet.java:1040)
	at org.springframework.web.servlet.DispatcherServlet.doService(DispatcherServlet.java:943)
	at org.springframework.web.servlet.FrameworkServlet.processRequest(FrameworkServlet.java:1006)
	at org.springframework.web.servlet.FrameworkServlet.doGet(FrameworkServlet.java:898)
	at javax.servlet.http.HttpServlet.service(HttpServlet.java:634)
	at org.springframework.web.servlet.FrameworkServlet.service(FrameworkServlet.java:883)
	at javax.servlet.http.HttpServlet.service(HttpServlet.java:741)
	at org.apache.catalina.core.ApplicationFilterChain.internalDoFilter(ApplicationFilterChain.java:231)
	at org.apache.catalina.core.ApplicationFilterChain.doFilter(ApplicationFilterChain.java:166)
	at org.apache.tomcat.websocket.server.WsFilter.doFilter(WsFilter.java:53)
	at org.apache.catalina.core.ApplicationFilterChain.internalDoFilter(ApplicationFilterChain.java:193)
	at org.apache.catalina.core.ApplicationFilterChain.doFilter(ApplicationFilterChain.java:166)
	at com.iflytek.medicalboot.core.context.MedicalFilter.doFilter(MedicalFilter.java:29)
	at org.apache.catalina.core.ApplicationFilterChain.internalDoFilter(ApplicationFilterChain.java:193)
	at org.apache.catalina.core.ApplicationFilterChain.doFilter(ApplicationFilterChain.java:166)
	at org.springframework.boot.actuate.web.trace.servlet.HttpTraceFilter.doFilterInternal(HttpTraceFilter.java:88)
	at org.springframework.web.filter.OncePerRequestFilter.doFilter(OncePerRequestFilter.java:119)
	at org.apache.catalina.core.ApplicationFilterChain.internalDoFilter(ApplicationFilterChain.java:193)
	at org.apache.catalina.core.ApplicationFilterChain.doFilter(ApplicationFilterChain.java:166)
	at org.springframework.web.filter.RequestContextFilter.doFilterInternal(RequestContextFilter.java:100)
	at org.springframework.web.filter.OncePerRequestFilter.doFilter(OncePerRequestFilter.java:119)
	at org.apache.catalina.core.ApplicationFilterChain.internalDoFilter(ApplicationFilterChain.java:193)
	at org.apache.catalina.core.ApplicationFilterChain.doFilter(ApplicationFilterChain.java:166)
	at org.springframework.web.filter.FormContentFilter.doFilterInternal(FormContentFilter.java:93)
	at org.springframework.web.filter.OncePerRequestFilter.doFilter(OncePerRequestFilter.java:119)
	at org.apache.catalina.core.ApplicationFilterChain.internalDoFilter(ApplicationFilterChain.java:193)
	at org.apache.catalina.core.ApplicationFilterChain.doFilter(ApplicationFilterChain.java:166)
	at org.springframework.web.filter.HiddenHttpMethodFilter.doFilterInternal(HiddenHttpMethodFilter.java:94)
	at org.springframework.web.filter.OncePerRequestFilter.doFilter(OncePerRequestFilter.java:119)
	at org.apache.catalina.core.ApplicationFilterChain.internalDoFilter(ApplicationFilterChain.java:193)
	at org.apache.catalina.core.ApplicationFilterChain.doFilter(ApplicationFilterChain.java:166)
	at org.springframework.boot.actuate.metrics.web.servlet.WebMvcMetricsFilter.filterAndRecordMetrics(WebMvcMetricsFilter.java:114)
	at org.springframework.boot.actuate.metrics.web.servlet.WebMvcMetricsFilter.doFilterInternal(WebMvcMetricsFilter.java:104)
	at org.springframework.web.filter.OncePerRequestFilter.doFilter(OncePerRequestFilter.java:119)
	at org.apache.catalina.core.ApplicationFilterChain.internalDoFilter(ApplicationFilterChain.java:193)
	at org.apache.catalina.core.ApplicationFilterChain.doFilter(ApplicationFilterChain.java:166)
	at org.springframework.web.filter.CharacterEncodingFilter.doFilterInternal(CharacterEncodingFilter.java:201)
	at org.springframework.web.filter.OncePerRequestFilter.doFilter(OncePerRequestFilter.java:119)
	at org.apache.catalina.core.ApplicationFilterChain.internalDoFilter(ApplicationFilterChain.java:193)
	at org.apache.catalina.core.ApplicationFilterChain.doFilter(ApplicationFilterChain.java:166)
	at org.apache.catalina.core.StandardWrapperValve.invoke(StandardWrapperValve.java:202)
	at org.apache.catalina.core.StandardContextValve.invoke(StandardContextValve.java:96)
	at org.apache.catalina.authenticator.AuthenticatorBase.invoke(AuthenticatorBase.java:541)
	at org.apache.catalina.core.StandardHostValve.invoke(StandardHostValve.java:139)
	at org.apache.catalina.valves.ErrorReportValve.invoke(ErrorReportValve.java:92)
	at org.apache.catalina.core.StandardEngineValve.invoke(StandardEngineValve.java:74)
	at org.apache.catalina.connector.CoyoteAdapter.service(CoyoteAdapter.java:343)
	at org.apache.coyote.http11.Http11Processor.service(Http11Processor.java:373)
	at org.apache.coyote.AbstractProcessorLight.process(AbstractProcessorLight.java:65)
	at org.apache.coyote.AbstractProtocol$ConnectionHandler.process(AbstractProtocol.java:868)
	at org.apache.tomcat.util.net.NioEndpoint$SocketProcessor.doRun(NioEndpoint.java:1590)
	at org.apache.tomcat.util.net.SocketProcessorBase.run(SocketProcessorBase.java:49)
	at java.util.concurrent.ThreadPoolExecutor.runWorker(ThreadPoolExecutor.java:1149)
	at java.util.concurrent.ThreadPoolExecutor$Worker.run(ThreadPoolExecutor.java:624)
	at org.apache.tomcat.util.threads.TaskThread$WrappingRunnable.run(TaskThread.java:61)
	at java.lang.Thread.run(Thread.java:748)

[2020-09-07 17:23:51] 
INFO: 开始运算报表，首先取数......

[2020-09-07 17:23:51] 
SEVERE: 产生数据工厂: com.raqsoft.report.dataset.SQLDataSetFactory 失败
: 数据集ds1中，数据源postgres-dev无数据库连接，且未设定数据连接工厂，请检查数据源设定：
	at com.raqsoft.report.dataset.SQLDataSetFactory.createDataSetM(Unknown Source:91)
	at com.raqsoft.report.usermodel.Engine._$1(Unknown Source:205)
	at com.raqsoft.report.usermodel.Engine._$1(Unknown Source:189)
	at com.raqsoft.report.usermodel.Engine.calc(Unknown Source:132)
	at com.iflytek.zhyl.valhalla.service.TestService.html(TestService.java:25)
	at sun.reflect.NativeMethodAccessorImpl.invoke0(Native Method)
	at sun.reflect.NativeMethodAccessorImpl.invoke(NativeMethodAccessorImpl.java:62)
	at sun.reflect.DelegatingMethodAccessorImpl.invoke(DelegatingMethodAccessorImpl.java:43)
	at java.lang.reflect.Method.invoke(Method.java:498)
	at org.springframework.web.method.support.InvocableHandlerMethod.doInvoke(InvocableHandlerMethod.java:190)
	at org.springframework.web.method.support.InvocableHandlerMethod.invokeForRequest(InvocableHandlerMethod.java:138)
	at org.springframework.web.servlet.mvc.method.annotation.ServletInvocableHandlerMethod.invokeAndHandle(ServletInvocableHandlerMethod.java:105)
	at org.springframework.web.servlet.mvc.method.annotation.RequestMappingHandlerAdapter.invokeHandlerMethod(RequestMappingHandlerAdapter.java:893)
	at org.springframework.web.servlet.mvc.method.annotation.RequestMappingHandlerAdapter.handleInternal(RequestMappingHandlerAdapter.java:798)
	at org.springframework.web.servlet.mvc.method.AbstractHandlerMethodAdapter.handle(AbstractHandlerMethodAdapter.java:87)
	at org.springframework.web.servlet.DispatcherServlet.doDispatch(DispatcherServlet.java:1040)
	at org.springframework.web.servlet.DispatcherServlet.doService(DispatcherServlet.java:943)
	at org.springframework.web.servlet.FrameworkServlet.processRequest(FrameworkServlet.java:1006)
	at org.springframework.web.servlet.FrameworkServlet.doGet(FrameworkServlet.java:898)
	at javax.servlet.http.HttpServlet.service(HttpServlet.java:634)
	at org.springframework.web.servlet.FrameworkServlet.service(FrameworkServlet.java:883)
	at javax.servlet.http.HttpServlet.service(HttpServlet.java:741)
	at org.apache.catalina.core.ApplicationFilterChain.internalDoFilter(ApplicationFilterChain.java:231)
	at org.apache.catalina.core.ApplicationFilterChain.doFilter(ApplicationFilterChain.java:166)
	at org.apache.tomcat.websocket.server.WsFilter.doFilter(WsFilter.java:53)
	at org.apache.catalina.core.ApplicationFilterChain.internalDoFilter(ApplicationFilterChain.java:193)
	at org.apache.catalina.core.ApplicationFilterChain.doFilter(ApplicationFilterChain.java:166)
	at com.iflytek.medicalboot.core.context.MedicalFilter.doFilter(MedicalFilter.java:29)
	at org.apache.catalina.core.ApplicationFilterChain.internalDoFilter(ApplicationFilterChain.java:193)
	at org.apache.catalina.core.ApplicationFilterChain.doFilter(ApplicationFilterChain.java:166)
	at org.springframework.boot.actuate.web.trace.servlet.HttpTraceFilter.doFilterInternal(HttpTraceFilter.java:88)
	at org.springframework.web.filter.OncePerRequestFilter.doFilter(OncePerRequestFilter.java:119)
	at org.apache.catalina.core.ApplicationFilterChain.internalDoFilter(ApplicationFilterChain.java:193)
	at org.apache.catalina.core.ApplicationFilterChain.doFilter(ApplicationFilterChain.java:166)
	at org.springframework.web.filter.RequestContextFilter.doFilterInternal(RequestContextFilter.java:100)
	at org.springframework.web.filter.OncePerRequestFilter.doFilter(OncePerRequestFilter.java:119)
	at org.apache.catalina.core.ApplicationFilterChain.internalDoFilter(ApplicationFilterChain.java:193)
	at org.apache.catalina.core.ApplicationFilterChain.doFilter(ApplicationFilterChain.java:166)
	at org.springframework.web.filter.FormContentFilter.doFilterInternal(FormContentFilter.java:93)
	at org.springframework.web.filter.OncePerRequestFilter.doFilter(OncePerRequestFilter.java:119)
	at org.apache.catalina.core.ApplicationFilterChain.internalDoFilter(ApplicationFilterChain.java:193)
	at org.apache.catalina.core.ApplicationFilterChain.doFilter(ApplicationFilterChain.java:166)
	at org.springframework.web.filter.HiddenHttpMethodFilter.doFilterInternal(HiddenHttpMethodFilter.java:94)
	at org.springframework.web.filter.OncePerRequestFilter.doFilter(OncePerRequestFilter.java:119)
	at org.apache.catalina.core.ApplicationFilterChain.internalDoFilter(ApplicationFilterChain.java:193)
	at org.apache.catalina.core.ApplicationFilterChain.doFilter(ApplicationFilterChain.java:166)
	at org.springframework.boot.actuate.metrics.web.servlet.WebMvcMetricsFilter.filterAndRecordMetrics(WebMvcMetricsFilter.java:114)
	at org.springframework.boot.actuate.metrics.web.servlet.WebMvcMetricsFilter.doFilterInternal(WebMvcMetricsFilter.java:104)
	at org.springframework.web.filter.OncePerRequestFilter.doFilter(OncePerRequestFilter.java:119)
	at org.apache.catalina.core.ApplicationFilterChain.internalDoFilter(ApplicationFilterChain.java:193)
	at org.apache.catalina.core.ApplicationFilterChain.doFilter(ApplicationFilterChain.java:166)
	at org.springframework.web.filter.CharacterEncodingFilter.doFilterInternal(CharacterEncodingFilter.java:201)
	at org.springframework.web.filter.OncePerRequestFilter.doFilter(OncePerRequestFilter.java:119)
	at org.apache.catalina.core.ApplicationFilterChain.internalDoFilter(ApplicationFilterChain.java:193)
	at org.apache.catalina.core.ApplicationFilterChain.doFilter(ApplicationFilterChain.java:166)
	at org.apache.catalina.core.StandardWrapperValve.invoke(StandardWrapperValve.java:202)
	at org.apache.catalina.core.StandardContextValve.invoke(StandardContextValve.java:96)
	at org.apache.catalina.authenticator.AuthenticatorBase.invoke(AuthenticatorBase.java:541)
	at org.apache.catalina.core.StandardHostValve.invoke(StandardHostValve.java:139)
	at org.apache.catalina.valves.ErrorReportValve.invoke(ErrorReportValve.java:92)
	at org.apache.catalina.core.StandardEngineValve.invoke(StandardEngineValve.java:74)
	at org.apache.catalina.connector.CoyoteAdapter.service(CoyoteAdapter.java:343)
	at org.apache.coyote.http11.Http11Processor.service(Http11Processor.java:373)
	at org.apache.coyote.AbstractProcessorLight.process(AbstractProcessorLight.java:65)
	at org.apache.coyote.AbstractProtocol$ConnectionHandler.process(AbstractProtocol.java:868)
	at org.apache.tomcat.util.net.NioEndpoint$SocketProcessor.doRun(NioEndpoint.java:1590)
	at org.apache.tomcat.util.net.SocketProcessorBase.run(SocketProcessorBase.java:49)
	at java.util.concurrent.ThreadPoolExecutor.runWorker(ThreadPoolExecutor.java:1149)
	at java.util.concurrent.ThreadPoolExecutor$Worker.run(ThreadPoolExecutor.java:624)
	at org.apache.tomcat.util.threads.TaskThread$WrappingRunnable.run(TaskThread.java:61)
	at java.lang.Thread.run(Thread.java:748)

[2020-09-07 17:25:42] 
DEBUG: Dfx path: D:/dev/valhalla/src/main/webapp/WEB-INF/reportFiles

[2020-09-07 17:25:42] 
DEBUG: Esproc main path: null

[2020-09-07 17:25:42] 
INFO: The block size is empty.

[2020-09-07 17:25:42] 
DEBUG: Report main path: D:/dev/valhalla/src/main/webapp/WEB-INF/reportFiles

[2020-09-07 17:25:42] 
DEBUG: Input main path: D:/dev/valhalla/src/main/webapp/WEB-INF/reportFiles

[2020-09-07 17:25:42] 
仅限产品试用，禁止商用

[2020-09-07 17:25:42] 
INFO: Set The Max DataSet Rows Num to -1 , old value is -1

[2020-09-07 17:25:42] 
DEBUG: setCachePath :　cache/input

[2020-09-07 17:25:43] 
INFO: cluster members:null

[2020-09-07 17:25:43] 
DEBUG: web root is : D:\dev\valhalla\src\main\webapp\

[2020-09-07 17:25:43] 
INFO: Report Center Config File: /WEB-INF/reportCenter.xml

[2020-09-07 17:25:43] 
INFO: get home path :

[2020-09-07 17:25:43] 
SEVERE: please config <home> tag in reportCenter.xml

[2020-09-07 17:25:43] 
DEBUG: center initialized

[2020-09-07 17:25:43] 
INFO: DL System initing......

[2020-09-07 17:25:43] 
INFO: DL System initialized......

[2020-09-07 17:25:43] 
INFO: Guide initing......

[2020-09-07 17:25:43] 
INFO: Guide initialized......

[2020-09-07 17:37:46] 
仅限产品试用，禁止商用

[2020-09-07 17:37:46] 
INFO: 开始运算报表，首先取数......

[2020-09-07 17:37:46] 
INFO: 取数结束,开始运算

[2020-09-07 17:37:46] 
INFO: 报表图片处理......

[2020-09-07 17:37:46] 
INFO: 计算结束！

[2020-09-07 17:48:40] 
DEBUG: Dfx path: D:/dev/valhalla/src/main/webapp/WEB-INF/reportFiles

[2020-09-07 17:48:40] 
DEBUG: Esproc main path: null

[2020-09-07 17:48:40] 
INFO: The block size is empty.

[2020-09-07 17:48:40] 
DEBUG: Report main path: D:/dev/valhalla/src/main/webapp/WEB-INF/reportFiles

[2020-09-07 17:48:40] 
DEBUG: Input main path: D:/dev/valhalla/src/main/webapp/WEB-INF/reportFiles

[2020-09-07 17:48:41] 
仅限产品试用，禁止商用

[2020-09-07 17:48:41] 
INFO: Set The Max DataSet Rows Num to -1 , old value is -1

[2020-09-07 17:48:41] 
DEBUG: setCachePath :　cache/input

[2020-09-07 17:48:42] 
INFO: cluster members:null

[2020-09-07 17:48:42] 
DEBUG: web root is : D:\dev\valhalla\src\main\webapp\

[2020-09-07 17:48:42] 
INFO: Report Center Config File: /WEB-INF/reportCenter.xml

[2020-09-07 17:48:42] 
INFO: get home path :

[2020-09-07 17:48:42] 
SEVERE: please config <home> tag in reportCenter.xml

[2020-09-07 17:48:42] 
DEBUG: center initialized

[2020-09-07 17:48:42] 
INFO: DL System initing......

[2020-09-07 17:48:42] 
INFO: DL System initialized......

[2020-09-07 17:48:42] 
INFO: Guide initing......

[2020-09-07 17:48:42] 
INFO: Guide initialized......

[2020-09-07 17:49:26] 
INFO: 开始运算报表，首先取数......

[2020-09-07 17:49:26] 
INFO: 取数结束,开始运算

[2020-09-07 17:49:26] 
INFO: 报表图片处理......

[2020-09-07 17:49:26] 
INFO: 计算结束！

[2020-09-07 17:55:58] 
DEBUG: Dfx path: D:/dev/valhalla/src/main/webapp/WEB-INF/reportFiles

[2020-09-07 17:55:58] 
DEBUG: Esproc main path: null

[2020-09-07 17:55:58] 
INFO: The block size is empty.

[2020-09-07 17:55:58] 
DEBUG: Report main path: D:/dev/valhalla/src/main/webapp/WEB-INF/reportFiles

[2020-09-07 17:55:58] 
DEBUG: Input main path: D:/dev/valhalla/src/main/webapp/WEB-INF/reportFiles

[2020-09-07 17:55:59] 
仅限产品试用，禁止商用

[2020-09-07 17:55:59] 
INFO: Set The Max DataSet Rows Num to -1 , old value is -1

[2020-09-07 17:55:59] 
DEBUG: setCachePath :　cache/input

[2020-09-07 17:56:00] 
INFO: cluster members:null

[2020-09-07 17:56:00] 
DEBUG: web root is : D:\dev\valhalla\src\main\webapp\

[2020-09-07 17:56:00] 
INFO: Report Center Config File: /WEB-INF/reportCenter.xml

[2020-09-07 17:56:00] 
INFO: get home path :

[2020-09-07 17:56:00] 
SEVERE: please config <home> tag in reportCenter.xml

[2020-09-07 17:56:00] 
DEBUG: center initialized

[2020-09-07 17:56:00] 
INFO: DL System initing......

[2020-09-07 17:56:00] 
INFO: DL System initialized......

[2020-09-07 17:56:00] 
INFO: Guide initing......

[2020-09-07 17:56:00] 
INFO: Guide initialized......

[2020-09-07 17:57:54] 
INFO: 开始运算报表，首先取数......

[2020-09-07 17:57:54] 
INFO: 取数结束,开始运算

[2020-09-07 17:57:54] 
INFO: 报表图片处理......

[2020-09-07 17:57:54] 
INFO: 计算结束！

[2020-09-07 17:59:31] 
DEBUG: Dfx path: D:/dev/valhalla/src/main/webapp/WEB-INF/reportFiles

[2020-09-07 17:59:31] 
DEBUG: Esproc main path: null

[2020-09-07 17:59:31] 
INFO: The block size is empty.

[2020-09-07 17:59:31] 
DEBUG: Report main path: D:/dev/valhalla/src/main/webapp/WEB-INF/reportFiles

[2020-09-07 17:59:31] 
DEBUG: Input main path: D:/dev/valhalla/src/main/webapp/WEB-INF/reportFiles

[2020-09-07 17:59:31] 
仅限产品试用，禁止商用

[2020-09-07 17:59:31] 
INFO: Set The Max DataSet Rows Num to -1 , old value is -1

[2020-09-07 17:59:31] 
DEBUG: setCachePath :　cache/input

[2020-09-07 17:59:32] 
INFO: cluster members:null

[2020-09-07 17:59:32] 
DEBUG: web root is : D:\dev\valhalla\src\main\webapp\

[2020-09-07 17:59:32] 
INFO: Report Center Config File: /WEB-INF/reportCenter.xml

[2020-09-07 17:59:32] 
INFO: get home path :

[2020-09-07 17:59:32] 
SEVERE: please config <home> tag in reportCenter.xml

[2020-09-07 17:59:32] 
DEBUG: center initialized

[2020-09-07 17:59:32] 
INFO: DL System initing......

[2020-09-07 17:59:32] 
INFO: DL System initialized......

[2020-09-07 17:59:32] 
INFO: Guide initing......

[2020-09-07 17:59:32] 
INFO: Guide initialized......

[2020-09-07 18:00:04] 
INFO: 开始运算报表，首先取数......

[2020-09-07 18:00:04] 
INFO: 取数结束,开始运算

[2020-09-07 18:00:04] 
INFO: 报表图片处理......

[2020-09-07 18:00:04] 
INFO: 计算结束！

[2020-09-07 18:10:27] 
DEBUG: Dfx path: D:/dev/valhalla/src/main/webapp/WEB-INF/reportFiles

[2020-09-07 18:10:27] 
DEBUG: Esproc main path: null

[2020-09-07 18:10:27] 
INFO: The block size is empty.

[2020-09-07 18:10:27] 
DEBUG: Report main path: D:/dev/valhalla/src/main/webapp/WEB-INF/reportFiles

[2020-09-07 18:10:27] 
DEBUG: Input main path: D:/dev/valhalla/src/main/webapp/WEB-INF/reportFiles

[2020-09-07 18:10:27] 
仅限产品试用，禁止商用

[2020-09-07 18:10:27] 
INFO: Set The Max DataSet Rows Num to -1 , old value is -1

[2020-09-07 18:10:27] 
DEBUG: setCachePath :　cache/input

[2020-09-07 18:10:28] 
INFO: cluster members:null

[2020-09-07 18:10:28] 
DEBUG: web root is : D:\dev\valhalla\src\main\webapp\

[2020-09-07 18:10:28] 
INFO: Report Center Config File: /WEB-INF/reportCenter.xml

[2020-09-07 18:10:28] 
INFO: get home path :

[2020-09-07 18:10:28] 
SEVERE: please config <home> tag in reportCenter.xml

[2020-09-07 18:10:28] 
DEBUG: center initialized

[2020-09-07 18:10:28] 
INFO: DL System initing......

[2020-09-07 18:10:28] 
INFO: DL System initialized......

[2020-09-07 18:10:28] 
INFO: Guide initing......

[2020-09-07 18:10:28] 
INFO: Guide initialized......

[2020-09-07 18:10:55] 
INFO: 开始运算报表，首先取数......

[2020-09-07 18:10:55] 
INFO: 取数结束,开始运算

[2020-09-07 18:10:55] 
INFO: 报表图片处理......

[2020-09-07 18:10:55] 
INFO: 计算结束！
