
[2020-09-10 11:44:20] 
DEBUG: Dfx path: D:/dev/valhalla/src/main/webapp/WEB-INF/reportFiles

[2020-09-10 11:44:20] 
DEBUG: Esproc main path: null

[2020-09-10 11:44:20] 
INFO: The block size is empty.

[2020-09-10 11:44:20] 
DEBUG: Report main path: D:/dev/valhalla/src/main/webapp/WEB-INF/reportFiles

[2020-09-10 11:44:20] 
DEBUG: Input main path: D:/dev/valhalla/src/main/webapp/WEB-INF/reportFiles

[2020-09-10 11:44:21] 
仅限产品试用，禁止商用

[2020-09-10 11:44:21] 
INFO: Set The Max DataSet Rows Num to -1 , old value is -1

[2020-09-10 11:44:21] 
DEBUG: setCachePath :　cache/input

[2020-09-10 11:44:22] 
INFO: cluster members:null

[2020-09-10 11:44:22] 
DEBUG: web root is : D:\dev\valhalla\src\main\webapp\

[2020-09-10 11:44:22] 
INFO: DL System initing......

[2020-09-10 11:44:22] 
INFO: DL System initialized......

[2020-09-10 11:44:22] 
INFO: Guide initing......

[2020-09-10 11:44:22] 
INFO: Guide initialized......

[2020-09-10 11:45:06] 
DEBUG: Dfx path: D:/dev/valhalla/src/main/webapp/WEB-INF/reportFiles

[2020-09-10 11:45:06] 
DEBUG: Esproc main path: null

[2020-09-10 11:45:06] 
INFO: The block size is empty.

[2020-09-10 11:45:06] 
DEBUG: Report main path: D:/dev/valhalla/src/main/webapp/WEB-INF/reportFiles

[2020-09-10 11:45:06] 
DEBUG: Input main path: D:/dev/valhalla/src/main/webapp/WEB-INF/reportFiles

[2020-09-10 11:45:06] 
仅限产品试用，禁止商用

[2020-09-10 11:45:06] 
INFO: Set The Max DataSet Rows Num to -1 , old value is -1

[2020-09-10 11:45:06] 
DEBUG: setCachePath :　cache/input

[2020-09-10 11:45:08] 
INFO: cluster members:null

[2020-09-10 11:45:08] 
DEBUG: web root is : D:\dev\valhalla\src\main\webapp\

[2020-09-10 11:45:08] 
INFO: DL System initing......

[2020-09-10 11:45:08] 
INFO: DL System initialized......

[2020-09-10 11:45:08] 
INFO: Guide initing......

[2020-09-10 11:45:08] 
INFO: Guide initialized......

[2020-09-10 11:46:42] 
DEBUG: Dfx path: D:/dev/valhalla/src/main/webapp/WEB-INF/reportFiles

[2020-09-10 11:46:42] 
DEBUG: Esproc main path: null

[2020-09-10 11:46:42] 
INFO: The block size is empty.

[2020-09-10 11:46:42] 
DEBUG: Report main path: D:/dev/valhalla/src/main/webapp/WEB-INF/reportFiles

[2020-09-10 11:46:42] 
DEBUG: Input main path: D:/dev/valhalla/src/main/webapp/WEB-INF/reportFiles

[2020-09-10 11:46:42] 
仅限产品试用，禁止商用

[2020-09-10 11:46:42] 
INFO: Set The Max DataSet Rows Num to -1 , old value is -1

[2020-09-10 11:46:42] 
DEBUG: setCachePath :　cache/input

[2020-09-10 11:46:43] 
INFO: cluster members:null

[2020-09-10 11:46:43] 
DEBUG: web root is : D:\dev\valhalla\src\main\webapp\

[2020-09-10 11:46:43] 
INFO: DL System initing......

[2020-09-10 11:46:43] 
INFO: DL System initialized......

[2020-09-10 11:46:43] 
INFO: Guide initing......

[2020-09-10 11:46:43] 
INFO: Guide initialized......

[2020-09-10 11:47:59] 
INFO: 开始运算报表，首先取数......

[2020-09-10 11:48:00] 
INFO: 下面开始打出sql

[2020-09-10 11:48:00] 
INFO: hisds=SELECT INTERFACE_TRADE_LOGS.TRADE_NO,
       INTERFACE_TRADE_LOGS.TRADE_TYPE,
       INTERFACE_TRADE_LOGS.TRANS_ID,
       INTERFACE_TRADE_LOGS.DEVICEID,
       INTERFACE_TRADE_LOGS.OPERATOR,
       INTERFACE_TRADE_LOGS.TRADE_DATE,
       INTERFACE_TRADE_LOGS.RETURN_CODE,
       INTERFACE_TRADE_LOGS.SESSION_ID,
       INTERFACE_TRADE_LOGS.TERMINAL FROM INTERFACE_TRADE_LOGS
 WHERE 1 = 1
   and (INTERFACE_TRADE_LOGS.TRADE_TYPE = ? or ? is null)
   and (INTERFACE_TRADE_LOGS.DEVICEID = ? or ? is null) ORDER BY INTERFACE_TRADE_LOGS.TRADE_DATE DESC

[2020-09-10 11:48:00] 
INFO: arg0: null

[2020-09-10 11:48:00] 
INFO: arg1: null

[2020-09-10 11:48:00] 
INFO: arg2: default

[2020-09-10 11:48:00] 
INFO: arg3: default

[2020-09-10 11:48:01] 
INFO: 取数结束,开始运算

[2020-09-10 11:48:01] 
INFO: 报表图片处理......

[2020-09-10 11:48:01] 
INFO: 计算结束！

[2020-09-10 11:49:25] 
INFO: 开始运算报表，首先取数......

[2020-09-10 11:49:25] 
INFO: 下面开始打出sql

[2020-09-10 11:49:25] 
INFO: hisds=SELECT INTERFACE_TRADE_LOGS.TRADE_NO,
       INTERFACE_TRADE_LOGS.TRADE_TYPE,
       INTERFACE_TRADE_LOGS.TRANS_ID,
       INTERFACE_TRADE_LOGS.DEVICEID,
       INTERFACE_TRADE_LOGS.OPERATOR,
       INTERFACE_TRADE_LOGS.TRADE_DATE,
       INTERFACE_TRADE_LOGS.RETURN_CODE,
       INTERFACE_TRADE_LOGS.SESSION_ID,
       INTERFACE_TRADE_LOGS.TERMINAL FROM INTERFACE_TRADE_LOGS
 WHERE 1 = 1
   and (INTERFACE_TRADE_LOGS.TRADE_TYPE = ? or ? is null)
   and (INTERFACE_TRADE_LOGS.DEVICEID = ? or ? is null) ORDER BY INTERFACE_TRADE_LOGS.TRADE_DATE DESC

[2020-09-10 11:49:25] 
INFO: arg0: null

[2020-09-10 11:49:25] 
INFO: arg1: null

[2020-09-10 11:49:25] 
INFO: arg2: default

[2020-09-10 11:49:25] 
INFO: arg3: default

[2020-09-10 11:49:26] 
INFO: 取数结束,开始运算

[2020-09-10 11:49:26] 
INFO: 报表图片处理......

[2020-09-10 11:49:26] 
INFO: 计算结束！

[2020-09-10 11:56:30] 
DEBUG: Dfx path: D:/dev/valhalla/src/main/webapp/WEB-INF/reportFiles

[2020-09-10 11:56:30] 
DEBUG: Esproc main path: null

[2020-09-10 11:56:30] 
INFO: The block size is empty.

[2020-09-10 11:56:30] 
DEBUG: Report main path: D:/dev/valhalla/src/main/webapp/WEB-INF/reportFiles

[2020-09-10 11:56:30] 
DEBUG: Input main path: D:/dev/valhalla/src/main/webapp/WEB-INF/reportFiles

[2020-09-10 11:56:30] 
仅限产品试用，禁止商用

[2020-09-10 11:56:30] 
INFO: Set The Max DataSet Rows Num to -1 , old value is -1

[2020-09-10 11:56:30] 
DEBUG: setCachePath :　cache/input

[2020-09-10 11:56:32] 
INFO: cluster members:null

[2020-09-10 11:56:32] 
DEBUG: web root is : D:\dev\valhalla\src\main\webapp\

[2020-09-10 11:56:32] 
INFO: DL System initing......

[2020-09-10 11:56:32] 
INFO: DL System initialized......

[2020-09-10 11:56:32] 
INFO: Guide initing......

[2020-09-10 11:56:32] 
INFO: Guide initialized......

[2020-09-10 11:56:45] 
INFO: 开始运算报表，首先取数......

[2020-09-10 11:56:46] 
INFO: 下面开始打出sql

[2020-09-10 11:56:46] 
INFO: hisds=SELECT INTERFACE_TRADE_LOGS.TRADE_NO,
       INTERFACE_TRADE_LOGS.TRADE_TYPE,
       INTERFACE_TRADE_LOGS.TRANS_ID,
       INTERFACE_TRADE_LOGS.DEVICEID,
       INTERFACE_TRADE_LOGS.OPERATOR,
       INTERFACE_TRADE_LOGS.TRADE_DATE,
       INTERFACE_TRADE_LOGS.RETURN_CODE,
       INTERFACE_TRADE_LOGS.SESSION_ID,
       INTERFACE_TRADE_LOGS.TERMINAL FROM INTERFACE_TRADE_LOGS
 WHERE 1 = 1
   and (INTERFACE_TRADE_LOGS.TRADE_TYPE = ? or ? is null)
   and (INTERFACE_TRADE_LOGS.DEVICEID = ? or ? is null) ORDER BY INTERFACE_TRADE_LOGS.TRADE_DATE DESC

[2020-09-10 11:56:46] 
INFO: arg0: null

[2020-09-10 11:56:46] 
INFO: arg1: null

[2020-09-10 11:56:46] 
INFO: arg2: default

[2020-09-10 11:56:46] 
INFO: arg3: default

[2020-09-10 11:56:46] 
INFO: 取数结束,开始运算

[2020-09-10 11:56:46] 
INFO: 报表图片处理......

[2020-09-10 11:56:46] 
INFO: 计算结束！
