
[2020-09-11 09:51:08] 
DEBUG: Dfx path: D:/dev/valhalla/src/main/webapp/WEB-INF/reportFiles

[2020-09-11 09:51:08] 
DEBUG: Esproc main path: null

[2020-09-11 09:51:08] 
INFO: The block size is empty.

[2020-09-11 09:51:08] 
DEBUG: Report main path: D:/dev/valhalla/src/main/webapp/WEB-INF/reportFiles

[2020-09-11 09:51:08] 
DEBUG: Input main path: D:/dev/valhalla/src/main/webapp/WEB-INF/reportFiles

[2020-09-11 09:51:08] 
仅限产品试用，禁止商用

[2020-09-11 09:51:09] 
INFO: Set The Max DataSet Rows Num to -1 , old value is -1

[2020-09-11 09:51:09] 
DEBUG: setCachePath :　cache/input

[2020-09-11 09:51:10] 
INFO: cluster members:null

[2020-09-11 09:51:10] 
DEBUG: web root is : D:\dev\valhalla\src\main\webapp\

[2020-09-11 09:51:10] 
INFO: DL System initing......

[2020-09-11 09:51:10] 
INFO: DL System initialized......

[2020-09-11 09:51:10] 
INFO: Guide initing......

[2020-09-11 09:51:10] 
INFO: Guide initialized......

[2020-09-11 09:54:58] 
DEBUG: Dfx path: D:/dev/valhalla/src/main/webapp/WEB-INF/reportFiles

[2020-09-11 09:54:58] 
DEBUG: Esproc main path: null

[2020-09-11 09:54:58] 
INFO: The block size is empty.

[2020-09-11 09:54:58] 
DEBUG: Report main path: D:/dev/valhalla/src/main/webapp/WEB-INF/reportFiles

[2020-09-11 09:54:58] 
DEBUG: Input main path: D:/dev/valhalla/src/main/webapp/WEB-INF/reportFiles

[2020-09-11 09:54:58] 
仅限产品试用，禁止商用

[2020-09-11 09:54:58] 
INFO: Set The Max DataSet Rows Num to -1 , old value is -1

[2020-09-11 09:54:58] 
DEBUG: setCachePath :　cache/input

[2020-09-11 09:54:59] 
INFO: cluster members:null

[2020-09-11 09:54:59] 
DEBUG: web root is : D:\dev\valhalla\src\main\webapp\

[2020-09-11 09:54:59] 
INFO: DL System initing......

[2020-09-11 09:54:59] 
INFO: DL System initialized......

[2020-09-11 09:54:59] 
INFO: Guide initing......

[2020-09-11 09:54:59] 
INFO: Guide initialized......

[2020-09-11 10:01:21] 
DEBUG: Dfx path: D:/dev/valhalla/src/main/webapp/WEB-INF/reportFiles

[2020-09-11 10:01:21] 
DEBUG: Esproc main path: null

[2020-09-11 10:01:21] 
INFO: The block size is empty.

[2020-09-11 10:01:21] 
DEBUG: Report main path: D:/dev/valhalla/src/main/webapp/WEB-INF/reportFiles

[2020-09-11 10:01:21] 
DEBUG: Input main path: D:/dev/valhalla/src/main/webapp/WEB-INF/reportFiles

[2020-09-11 10:01:21] 
仅限产品试用，禁止商用

[2020-09-11 10:01:21] 
INFO: Set The Max DataSet Rows Num to -1 , old value is -1

[2020-09-11 10:01:21] 
DEBUG: setCachePath :　cache/input

[2020-09-11 10:01:22] 
INFO: cluster members:null

[2020-09-11 10:01:22] 
DEBUG: web root is : D:\dev\valhalla\src\main\webapp\

[2020-09-11 10:01:22] 
INFO: DL System initing......

[2020-09-11 10:01:22] 
INFO: DL System initialized......

[2020-09-11 10:01:22] 
INFO: Guide initing......

[2020-09-11 10:01:22] 
INFO: Guide initialized......

[2020-09-11 10:04:09] 
DEBUG: Dfx path: D:/dev/valhalla/src/main/webapp/WEB-INF/reportFiles

[2020-09-11 10:04:09] 
DEBUG: Esproc main path: null

[2020-09-11 10:04:09] 
INFO: The block size is empty.

[2020-09-11 10:04:09] 
DEBUG: Report main path: D:/dev/valhalla/src/main/webapp/WEB-INF/reportFiles

[2020-09-11 10:04:09] 
DEBUG: Input main path: D:/dev/valhalla/src/main/webapp/WEB-INF/reportFiles

[2020-09-11 10:04:09] 
仅限产品试用，禁止商用

[2020-09-11 10:04:09] 
INFO: Set The Max DataSet Rows Num to -1 , old value is -1

[2020-09-11 10:04:09] 
DEBUG: setCachePath :　cache/input

[2020-09-11 10:04:11] 
INFO: cluster members:null

[2020-09-11 10:04:11] 
DEBUG: web root is : D:\dev\valhalla\src\main\webapp\

[2020-09-11 10:04:11] 
INFO: DL System initing......

[2020-09-11 10:04:11] 
INFO: DL System initialized......

[2020-09-11 10:04:11] 
INFO: Guide initing......

[2020-09-11 10:04:11] 
INFO: Guide initialized......

[2020-09-11 10:16:08] 
DEBUG: Dfx path: D:/dev/valhalla/src/main/webapp/WEB-INF/reportFiles

[2020-09-11 10:16:08] 
DEBUG: Esproc main path: null

[2020-09-11 10:16:08] 
INFO: The block size is empty.

[2020-09-11 10:16:08] 
DEBUG: Report main path: D:/dev/valhalla/src/main/webapp/WEB-INF/reportFiles

[2020-09-11 10:16:08] 
DEBUG: Input main path: D:/dev/valhalla/src/main/webapp/WEB-INF/reportFiles

[2020-09-11 10:16:08] 
仅限产品试用，禁止商用

[2020-09-11 10:16:08] 
INFO: Set The Max DataSet Rows Num to -1 , old value is -1

[2020-09-11 10:16:08] 
DEBUG: setCachePath :　cache/input

[2020-09-11 10:16:09] 
INFO: cluster members:null

[2020-09-11 10:16:09] 
DEBUG: web root is : D:\dev\valhalla\src\main\webapp\

[2020-09-11 10:16:09] 
INFO: DL System initing......

[2020-09-11 10:16:09] 
INFO: DL System initialized......

[2020-09-11 10:16:09] 
INFO: Guide initing......

[2020-09-11 10:16:09] 
INFO: Guide initialized......

[2020-09-11 10:35:52] 
DEBUG: Dfx path: D:/dev/valhalla/src/main/webapp/WEB-INF/reportFiles

[2020-09-11 10:35:52] 
DEBUG: Esproc main path: null

[2020-09-11 10:35:52] 
INFO: The block size is empty.

[2020-09-11 10:35:52] 
DEBUG: Report main path: D:/dev/valhalla/src/main/webapp/WEB-INF/reportFiles

[2020-09-11 10:35:52] 
DEBUG: Input main path: D:/dev/valhalla/src/main/webapp/WEB-INF/reportFiles

[2020-09-11 10:35:52] 
仅限产品试用，禁止商用

[2020-09-11 10:35:52] 
INFO: Set The Max DataSet Rows Num to -1 , old value is -1

[2020-09-11 10:35:52] 
DEBUG: setCachePath :　cache/input

[2020-09-11 10:35:53] 
INFO: cluster members:null

[2020-09-11 10:35:53] 
DEBUG: web root is : D:\dev\valhalla\src\main\webapp\

[2020-09-11 10:35:53] 
INFO: DL System initing......

[2020-09-11 10:35:53] 
INFO: DL System initialized......

[2020-09-11 10:35:53] 
INFO: Guide initing......

[2020-09-11 10:35:53] 
INFO: Guide initialized......

[2020-09-11 10:47:28] 
DEBUG: Dfx path: D:/dev/valhalla/src/main/webapp/WEB-INF/reportFiles

[2020-09-11 10:47:28] 
DEBUG: Esproc main path: null

[2020-09-11 10:47:28] 
INFO: The block size is empty.

[2020-09-11 10:47:28] 
DEBUG: Report main path: D:/dev/valhalla/src/main/webapp/WEB-INF/reportFiles

[2020-09-11 10:47:28] 
DEBUG: Input main path: D:/dev/valhalla/src/main/webapp/WEB-INF/reportFiles

[2020-09-11 10:47:28] 
仅限产品试用，禁止商用

[2020-09-11 10:47:28] 
INFO: Set The Max DataSet Rows Num to -1 , old value is -1

[2020-09-11 10:47:28] 
DEBUG: setCachePath :　cache/input

[2020-09-11 10:47:29] 
INFO: cluster members:null

[2020-09-11 10:47:29] 
DEBUG: web root is : D:\dev\valhalla\src\main\webapp\

[2020-09-11 10:47:29] 
INFO: DL System initing......

[2020-09-11 10:47:29] 
INFO: DL System initialized......

[2020-09-11 10:47:29] 
INFO: Guide initing......

[2020-09-11 10:47:29] 
INFO: Guide initialized......

[2020-09-11 10:58:47] 
DEBUG: Dfx path: D:/dev/valhalla/src/main/webapp/WEB-INF/reportFiles

[2020-09-11 10:58:47] 
DEBUG: Esproc main path: null

[2020-09-11 10:58:47] 
INFO: The block size is empty.

[2020-09-11 10:58:47] 
DEBUG: Report main path: D:/dev/valhalla/src/main/webapp/WEB-INF/reportFiles

[2020-09-11 10:58:47] 
DEBUG: Input main path: D:/dev/valhalla/src/main/webapp/WEB-INF/reportFiles

[2020-09-11 10:58:47] 
仅限产品试用，禁止商用

[2020-09-11 10:58:47] 
INFO: Set The Max DataSet Rows Num to -1 , old value is -1

[2020-09-11 10:58:47] 
DEBUG: setCachePath :　cache/input

[2020-09-11 10:58:49] 
INFO: cluster members:null

[2020-09-11 10:58:49] 
DEBUG: web root is : D:\dev\valhalla\src\main\webapp\

[2020-09-11 10:58:49] 
INFO: DL System initing......

[2020-09-11 10:58:49] 
INFO: DL System initialized......

[2020-09-11 10:58:49] 
INFO: Guide initing......

[2020-09-11 10:58:49] 
INFO: Guide initialized......

[2020-09-11 11:14:42] 
DEBUG: Dfx path: D:/dev/valhalla/src/main/webapp/WEB-INF/reportFiles

[2020-09-11 11:14:42] 
DEBUG: Esproc main path: null

[2020-09-11 11:14:42] 
INFO: The block size is empty.

[2020-09-11 11:14:42] 
DEBUG: Report main path: D:/dev/valhalla/src/main/webapp/WEB-INF/reportFiles

[2020-09-11 11:14:42] 
DEBUG: Input main path: D:/dev/valhalla/src/main/webapp/WEB-INF/reportFiles

[2020-09-11 11:14:42] 
仅限产品试用，禁止商用

[2020-09-11 11:14:42] 
INFO: Set The Max DataSet Rows Num to -1 , old value is -1

[2020-09-11 11:14:42] 
DEBUG: setCachePath :　cache/input

[2020-09-11 11:14:43] 
INFO: cluster members:null

[2020-09-11 11:14:43] 
DEBUG: web root is : D:\dev\valhalla\src\main\webapp\

[2020-09-11 11:14:43] 
INFO: DL System initing......

[2020-09-11 11:14:43] 
INFO: DL System initialized......

[2020-09-11 11:14:43] 
INFO: Guide initing......

[2020-09-11 11:14:43] 
INFO: Guide initialized......

[2020-09-11 11:18:03] 
DEBUG: Dfx path: D:/dev/valhalla/src/main/webapp/WEB-INF/reportFiles

[2020-09-11 11:18:03] 
DEBUG: Esproc main path: null

[2020-09-11 11:18:03] 
INFO: The block size is empty.

[2020-09-11 11:18:03] 
DEBUG: Report main path: D:/dev/valhalla/src/main/webapp/WEB-INF/reportFiles

[2020-09-11 11:18:03] 
DEBUG: Input main path: D:/dev/valhalla/src/main/webapp/WEB-INF/reportFiles

[2020-09-11 11:18:03] 
仅限产品试用，禁止商用

[2020-09-11 11:18:03] 
INFO: Set The Max DataSet Rows Num to -1 , old value is -1

[2020-09-11 11:18:03] 
DEBUG: setCachePath :　cache/input

[2020-09-11 11:18:05] 
INFO: cluster members:null

[2020-09-11 11:18:05] 
DEBUG: web root is : D:\dev\valhalla\src\main\webapp\

[2020-09-11 11:18:05] 
INFO: DL System initing......

[2020-09-11 11:18:05] 
INFO: DL System initialized......

[2020-09-11 11:18:05] 
INFO: Guide initing......

[2020-09-11 11:18:05] 
INFO: Guide initialized......

[2020-09-11 12:29:23] 
DEBUG: Dfx path: D:/dev/valhalla/src/main/webapp/WEB-INF/reportFiles

[2020-09-11 12:29:23] 
DEBUG: Esproc main path: null

[2020-09-11 12:29:23] 
INFO: The block size is empty.

[2020-09-11 12:29:23] 
DEBUG: Report main path: D:/dev/valhalla/src/main/webapp/WEB-INF/reportFiles

[2020-09-11 12:29:23] 
DEBUG: Input main path: D:/dev/valhalla/src/main/webapp/WEB-INF/reportFiles

[2020-09-11 12:29:24] 
仅限产品试用，禁止商用

[2020-09-11 12:29:24] 
INFO: Set The Max DataSet Rows Num to -1 , old value is -1

[2020-09-11 12:29:24] 
DEBUG: setCachePath :　cache/input

[2020-09-11 12:29:25] 
INFO: cluster members:null

[2020-09-11 12:29:25] 
DEBUG: web root is : D:\dev\valhalla\src\main\webapp\

[2020-09-11 12:29:25] 
INFO: DL System initing......

[2020-09-11 12:29:25] 
INFO: DL System initialized......

[2020-09-11 12:29:25] 
INFO: Guide initing......

[2020-09-11 12:29:25] 
INFO: Guide initialized......

[2020-09-11 12:31:34] 
INFO: 开始运算报表，首先取数......

[2020-09-11 12:31:34] 
INFO: 下面开始打出sql

[2020-09-11 12:31:34] 
INFO: ds1=SELECT obj ->> 'rowid' AS rowid, 
	obj ->> 'drugTotalAmount' AS drugTotalAmount, 
	obj ->> 'manuCompanyName' AS manuCompanyName, 
	obj ->> 'drugPckSpec' AS drugPckSpec, 
	obj ->> 'drugName' AS drugName, 
	obj ->> 'dosageForm' AS dosageForm, 
	obj ->> 'drugMiniPackingUnit' AS drugMiniPackingUnit, 
	obj ->> 'miniDosageUnit' AS miniDosageUnit, 
	obj ->> 'drugType' AS drugType, 
	obj ->> 'drugNum' AS drugNum, 
	obj ->> 'drugPurchasePrice' AS drugPurchasePrice FROM
	tb_temporary x,
	jsonb_array_elements ( x.DATA :: jsonb -> 'data' ) obj 
WHERE x.ID =?;

[2020-09-11 12:31:34] 
INFO: arg0: 23607605570053324

[2020-09-11 12:31:34] 
INFO: 下面开始打出sql

[2020-09-11 12:31:34] 
INFO: ds2=SELECT
	obj ->> 'rowid' as rowid,
	obj ->> 'col' as col,
	obj ->> 'err' as err
FROM
	tb_temporary x,
	jsonb_array_elements ( x.DATA::jsonb -> 'tips' ) obj
WHERE
	x.ID = ?;

[2020-09-11 12:31:34] 
INFO: arg0: 23607605570053324

[2020-09-11 12:31:34] 
INFO: 取数结束,开始运算

[2020-09-11 12:31:34] 
INFO: 报表图片处理......

[2020-09-11 12:31:34] 
INFO: 计算结束！

[2020-09-11 14:10:12] 
DEBUG: Dfx path: D:/dev/valhalla/src/main/webapp/WEB-INF/reportFiles

[2020-09-11 14:10:12] 
DEBUG: Esproc main path: null

[2020-09-11 14:10:12] 
INFO: The block size is empty.

[2020-09-11 14:10:12] 
DEBUG: Report main path: D:/dev/valhalla/src/main/webapp/WEB-INF/reportFiles

[2020-09-11 14:10:12] 
DEBUG: Input main path: D:/dev/valhalla/src/main/webapp/WEB-INF/reportFiles

[2020-09-11 14:10:12] 
仅限产品试用，禁止商用

[2020-09-11 14:10:12] 
INFO: Set The Max DataSet Rows Num to -1 , old value is -1

[2020-09-11 14:10:12] 
DEBUG: setCachePath :　cache/input

[2020-09-11 14:10:13] 
INFO: cluster members:null

[2020-09-11 14:10:13] 
DEBUG: web root is : D:\dev\valhalla\src\main\webapp\

[2020-09-11 14:10:13] 
INFO: DL System initing......

[2020-09-11 14:10:13] 
INFO: DL System initialized......

[2020-09-11 14:10:13] 
INFO: Guide initing......

[2020-09-11 14:10:13] 
INFO: Guide initialized......

[2020-09-11 14:10:49] 
INFO: 开始运算报表，首先取数......

[2020-09-11 14:10:49] 
INFO: 下面开始打出sql

[2020-09-11 14:10:49] 
INFO: ds1=SELECT obj ->> 'rowid' AS rowid, 
	obj ->> 'drugTotalAmount' AS drugTotalAmount, 
	obj ->> 'manuCompanyName' AS manuCompanyName, 
	obj ->> 'drugPckSpec' AS drugPckSpec, 
	obj ->> 'drugName' AS drugName, 
	obj ->> 'dosageForm' AS dosageForm, 
	obj ->> 'drugMiniPackingUnit' AS drugMiniPackingUnit, 
	obj ->> 'miniDosageUnit' AS miniDosageUnit, 
	obj ->> 'drugType' AS drugType, 
	obj ->> 'drugNum' AS drugNum, 
	obj ->> 'drugPurchasePrice' AS drugPurchasePrice FROM
	tb_temporary x,
	jsonb_array_elements ( x.DATA :: jsonb -> 'data' ) obj 
WHERE x.ID =?;

[2020-09-11 14:10:49] 
INFO: arg0: 23607605570053324

[2020-09-11 14:10:50] 
INFO: 下面开始打出sql

[2020-09-11 14:10:50] 
INFO: ds2=SELECT
	obj ->> 'rowid' as rowid,
	obj ->> 'col' as col,
	obj ->> 'err' as err
FROM
	tb_temporary x,
	jsonb_array_elements ( x.DATA::jsonb -> 'tips' ) obj
WHERE
	x.ID = ?;

[2020-09-11 14:10:50] 
INFO: arg0: 23607605570053324

[2020-09-11 14:10:50] 
INFO: 取数结束,开始运算

[2020-09-11 14:10:50] 
INFO: 报表图片处理......

[2020-09-11 14:10:50] 
INFO: 计算结束！

[2020-09-11 14:10:50] 
DEBUG: Loading fonts from directory:c:/windows/fonts

[2020-09-11 14:10:52] 
DEBUG: Loading fonts from directory:c:/winnt/fonts

[2020-09-11 14:10:52] 
DEBUG: Loading fonts from directory:d:/windows/fonts

[2020-09-11 14:10:52] 
DEBUG: Loading fonts from directory:d:/winnt/fonts

[2020-09-11 14:10:52] 
DEBUG: Loading fonts from directory:/usr/X/lib/X11/fonts/TrueType

[2020-09-11 14:10:52] 
DEBUG: Loading fonts from directory:/usr/openwin/lib/X11/fonts/TrueType

[2020-09-11 14:10:52] 
DEBUG: Loading fonts from directory:/usr/share/fonts/default/TrueType

[2020-09-11 14:10:52] 
DEBUG: Loading fonts from directory:/usr/X11R6/lib/X11/fonts/ttf

[2020-09-11 14:10:52] 
DEBUG: Loading fonts from directory:/Library/Fonts

[2020-09-11 14:10:52] 
DEBUG: Loading fonts from directory:/System/Library/Fonts

[2020-09-11 14:11:34] 
INFO: 开始运算报表，首先取数......

[2020-09-11 14:11:36] 
INFO: 下面开始打出sql

[2020-09-11 14:11:36] 
INFO: ds1=SELECT obj ->> 'rowid' AS rowid, 
	obj ->> 'drugTotalAmount' AS drugTotalAmount, 
	obj ->> 'manuCompanyName' AS manuCompanyName, 
	obj ->> 'drugPckSpec' AS drugPckSpec, 
	obj ->> 'drugName' AS drugName, 
	obj ->> 'dosageForm' AS dosageForm, 
	obj ->> 'drugMiniPackingUnit' AS drugMiniPackingUnit, 
	obj ->> 'miniDosageUnit' AS miniDosageUnit, 
	obj ->> 'drugType' AS drugType, 
	obj ->> 'drugNum' AS drugNum, 
	obj ->> 'drugPurchasePrice' AS drugPurchasePrice FROM
	tb_temporary x,
	jsonb_array_elements ( x.DATA :: jsonb -> 'data' ) obj 
WHERE x.ID =?;

[2020-09-11 14:11:36] 
INFO: arg0: 23607605570053324

[2020-09-11 14:11:36] 
INFO: 下面开始打出sql

[2020-09-11 14:11:36] 
INFO: ds2=SELECT
	obj ->> 'rowid' as rowid,
	obj ->> 'col' as col,
	obj ->> 'err' as err
FROM
	tb_temporary x,
	jsonb_array_elements ( x.DATA::jsonb -> 'tips' ) obj
WHERE
	x.ID = ?;

[2020-09-11 14:11:36] 
INFO: arg0: 23607605570053324

[2020-09-11 14:11:36] 
INFO: 取数结束,开始运算

[2020-09-11 14:11:36] 
INFO: 报表图片处理......

[2020-09-11 14:11:36] 
INFO: 计算结束！

[2020-09-11 14:12:24] 
INFO: 开始运算报表，首先取数......

[2020-09-11 14:12:24] 
INFO: 下面开始打出sql

[2020-09-11 14:12:24] 
INFO: ds1=SELECT obj ->> 'rowid' AS rowid, 
	obj ->> 'drugTotalAmount' AS drugTotalAmount, 
	obj ->> 'manuCompanyName' AS manuCompanyName, 
	obj ->> 'drugPckSpec' AS drugPckSpec, 
	obj ->> 'drugName' AS drugName, 
	obj ->> 'dosageForm' AS dosageForm, 
	obj ->> 'drugMiniPackingUnit' AS drugMiniPackingUnit, 
	obj ->> 'miniDosageUnit' AS miniDosageUnit, 
	obj ->> 'drugType' AS drugType, 
	obj ->> 'drugNum' AS drugNum, 
	obj ->> 'drugPurchasePrice' AS drugPurchasePrice FROM
	tb_temporary x,
	jsonb_array_elements ( x.DATA :: jsonb -> 'data' ) obj 
WHERE x.ID =?;

[2020-09-11 14:12:24] 
INFO: arg0: 23607605570053324

[2020-09-11 14:12:25] 
INFO: 下面开始打出sql

[2020-09-11 14:12:25] 
INFO: ds2=SELECT
	obj ->> 'rowid' as rowid,
	obj ->> 'col' as col,
	obj ->> 'err' as err
FROM
	tb_temporary x,
	jsonb_array_elements ( x.DATA::jsonb -> 'tips' ) obj
WHERE
	x.ID = ?;

[2020-09-11 14:12:25] 
INFO: arg0: 23607605570053324

[2020-09-11 14:12:25] 
INFO: 取数结束,开始运算

[2020-09-11 14:12:25] 
INFO: 报表图片处理......

[2020-09-11 14:12:25] 
INFO: 计算结束！

[2020-09-11 14:12:25] 
DEBUG: Export report begin, total pages :1

[2020-09-11 14:12:25] 
DEBUG: Page :1 OK.

[2020-09-11 14:12:39] 
INFO: 开始运算报表，首先取数......

[2020-09-11 14:12:40] 
INFO: 下面开始打出sql

[2020-09-11 14:12:40] 
INFO: ds1=SELECT obj ->> 'rowid' AS rowid, 
	obj ->> 'drugTotalAmount' AS drugTotalAmount, 
	obj ->> 'manuCompanyName' AS manuCompanyName, 
	obj ->> 'drugPckSpec' AS drugPckSpec, 
	obj ->> 'drugName' AS drugName, 
	obj ->> 'dosageForm' AS dosageForm, 
	obj ->> 'drugMiniPackingUnit' AS drugMiniPackingUnit, 
	obj ->> 'miniDosageUnit' AS miniDosageUnit, 
	obj ->> 'drugType' AS drugType, 
	obj ->> 'drugNum' AS drugNum, 
	obj ->> 'drugPurchasePrice' AS drugPurchasePrice FROM
	tb_temporary x,
	jsonb_array_elements ( x.DATA :: jsonb -> 'data' ) obj 
WHERE x.ID =?;

[2020-09-11 14:12:40] 
INFO: arg0: 23607605570053324

[2020-09-11 14:12:40] 
INFO: 下面开始打出sql

[2020-09-11 14:12:40] 
INFO: ds2=SELECT
	obj ->> 'rowid' as rowid,
	obj ->> 'col' as col,
	obj ->> 'err' as err
FROM
	tb_temporary x,
	jsonb_array_elements ( x.DATA::jsonb -> 'tips' ) obj
WHERE
	x.ID = ?;

[2020-09-11 14:12:40] 
INFO: arg0: 23607605570053324

[2020-09-11 14:12:40] 
INFO: 取数结束,开始运算

[2020-09-11 14:12:40] 
INFO: 报表图片处理......

[2020-09-11 14:12:40] 
INFO: 计算结束！

[2020-09-11 14:12:40] 
DEBUG: Export report begin, total pages :1

[2020-09-11 14:12:40] 
DEBUG: Page :1 OK.

[2020-09-11 14:14:16] 
INFO: 开始运算报表，首先取数......

[2020-09-11 14:14:16] 
INFO: 下面开始打出sql

[2020-09-11 14:14:16] 
INFO: ds1=SELECT obj ->> 'rowid' AS rowid, 
	obj ->> 'drugTotalAmount' AS drugTotalAmount, 
	obj ->> 'manuCompanyName' AS manuCompanyName, 
	obj ->> 'drugPckSpec' AS drugPckSpec, 
	obj ->> 'drugName' AS drugName, 
	obj ->> 'dosageForm' AS dosageForm, 
	obj ->> 'drugMiniPackingUnit' AS drugMiniPackingUnit, 
	obj ->> 'miniDosageUnit' AS miniDosageUnit, 
	obj ->> 'drugType' AS drugType, 
	obj ->> 'drugNum' AS drugNum, 
	obj ->> 'drugPurchasePrice' AS drugPurchasePrice FROM
	tb_temporary x,
	jsonb_array_elements ( x.DATA :: jsonb -> 'data' ) obj 
WHERE x.ID =?;

[2020-09-11 14:14:16] 
INFO: arg0: 23607605570053324

[2020-09-11 14:14:17] 
INFO: 下面开始打出sql

[2020-09-11 14:14:17] 
INFO: ds2=SELECT
	obj ->> 'rowid' as rowid,
	obj ->> 'col' as col,
	obj ->> 'err' as err
FROM
	tb_temporary x,
	jsonb_array_elements ( x.DATA::jsonb -> 'tips' ) obj
WHERE
	x.ID = ?;

[2020-09-11 14:14:17] 
INFO: arg0: 23607605570053324

[2020-09-11 14:14:17] 
INFO: 取数结束,开始运算

[2020-09-11 14:14:17] 
INFO: 报表图片处理......

[2020-09-11 14:14:17] 
INFO: 计算结束！

[2020-09-11 14:14:17] 
DEBUG: Export report begin, total pages :1

[2020-09-11 14:14:17] 
DEBUG: Page :1 OK.

[2020-09-11 14:20:15] 
DEBUG: Dfx path: D:/dev/valhalla/src/main/webapp/WEB-INF/reportFiles

[2020-09-11 14:20:15] 
DEBUG: Esproc main path: null

[2020-09-11 14:20:15] 
INFO: The block size is empty.

[2020-09-11 14:20:15] 
DEBUG: Report main path: D:/dev/valhalla/src/main/webapp/WEB-INF/reportFiles

[2020-09-11 14:20:15] 
DEBUG: Input main path: D:/dev/valhalla/src/main/webapp/WEB-INF/reportFiles

[2020-09-11 14:20:15] 
仅限产品试用，禁止商用

[2020-09-11 14:20:15] 
INFO: Set The Max DataSet Rows Num to -1 , old value is -1

[2020-09-11 14:20:15] 
DEBUG: setCachePath :　cache/input

[2020-09-11 14:20:16] 
INFO: cluster members:null

[2020-09-11 14:20:16] 
DEBUG: web root is : D:\dev\valhalla\src\main\webapp\

[2020-09-11 14:20:16] 
INFO: DL System initing......

[2020-09-11 14:20:16] 
INFO: DL System initialized......

[2020-09-11 14:20:16] 
INFO: Guide initing......

[2020-09-11 14:20:16] 
INFO: Guide initialized......

[2020-09-11 14:23:03] 
INFO: 开始运算报表，首先取数......

[2020-09-11 14:23:03] 
INFO: 下面开始打出sql

[2020-09-11 14:23:03] 
INFO: ds1=SELECT obj ->> 'rowid' AS rowid, 
	obj ->> 'drugTotalAmount' AS drugTotalAmount, 
	obj ->> 'manuCompanyName' AS manuCompanyName, 
	obj ->> 'drugPckSpec' AS drugPckSpec, 
	obj ->> 'drugName' AS drugName, 
	obj ->> 'dosageForm' AS dosageForm, 
	obj ->> 'drugMiniPackingUnit' AS drugMiniPackingUnit, 
	obj ->> 'miniDosageUnit' AS miniDosageUnit, 
	obj ->> 'drugType' AS drugType, 
	obj ->> 'drugNum' AS drugNum, 
	obj ->> 'drugPurchasePrice' AS drugPurchasePrice FROM
	tb_temporary x,
	jsonb_array_elements ( x.DATA :: jsonb -> 'data' ) obj 
WHERE x.ID =?;

[2020-09-11 14:23:03] 
INFO: arg0: 23607605570053324

[2020-09-11 14:23:04] 
INFO: 下面开始打出sql

[2020-09-11 14:23:04] 
INFO: ds2=SELECT
	obj ->> 'rowid' as rowid,
	obj ->> 'col' as col,
	obj ->> 'err' as err
FROM
	tb_temporary x,
	jsonb_array_elements ( x.DATA::jsonb -> 'tips' ) obj
WHERE
	x.ID = ?;

[2020-09-11 14:23:04] 
INFO: arg0: 23607605570053324

[2020-09-11 14:23:04] 
INFO: 取数结束,开始运算

[2020-09-11 14:23:04] 
INFO: 报表图片处理......

[2020-09-11 14:23:04] 
INFO: 计算结束！

[2020-09-11 14:23:04] 
DEBUG: Export report begin, total pages :1

[2020-09-11 14:23:04] 
DEBUG: Page :1 OK.

[2020-09-11 14:57:10] 
DEBUG: Dfx path: D:/dev/valhalla/src/main/webapp/WEB-INF/reportFiles

[2020-09-11 14:57:10] 
DEBUG: Esproc main path: null

[2020-09-11 14:57:10] 
INFO: The block size is empty.

[2020-09-11 14:57:10] 
DEBUG: Report main path: D:/dev/valhalla/src/main/webapp/WEB-INF/reportFiles

[2020-09-11 14:57:10] 
DEBUG: Input main path: D:/dev/valhalla/src/main/webapp/WEB-INF/reportFiles

[2020-09-11 14:57:10] 
仅限产品试用，禁止商用

[2020-09-11 14:57:10] 
INFO: Set The Max DataSet Rows Num to -1 , old value is -1

[2020-09-11 14:57:10] 
DEBUG: setCachePath :　cache/input

[2020-09-11 14:57:12] 
INFO: cluster members:null

[2020-09-11 14:57:12] 
DEBUG: web root is : D:\dev\valhalla\src\main\webapp\

[2020-09-11 14:57:12] 
INFO: DL System initing......

[2020-09-11 14:57:12] 
INFO: DL System initialized......

[2020-09-11 14:57:12] 
INFO: Guide initing......

[2020-09-11 14:57:12] 
INFO: Guide initialized......

[2020-09-11 14:57:53] 
INFO: 开始运算报表，首先取数......

[2020-09-11 14:57:54] 
INFO: 下面开始打出sql

[2020-09-11 14:57:54] 
INFO: ds1=SELECT obj ->> 'rowid' AS rowid, 
	obj ->> 'drugTotalAmount' AS drugTotalAmount, 
	obj ->> 'manuCompanyName' AS manuCompanyName, 
	obj ->> 'drugPckSpec' AS drugPckSpec, 
	obj ->> 'drugName' AS drugName, 
	obj ->> 'dosageForm' AS dosageForm, 
	obj ->> 'drugMiniPackingUnit' AS drugMiniPackingUnit, 
	obj ->> 'miniDosageUnit' AS miniDosageUnit, 
	obj ->> 'drugType' AS drugType, 
	obj ->> 'drugNum' AS drugNum, 
	obj ->> 'drugPurchasePrice' AS drugPurchasePrice FROM
	tb_temporary x,
	jsonb_array_elements ( x.DATA :: jsonb -> 'data' ) obj 
WHERE x.ID =?;

[2020-09-11 14:57:54] 
INFO: arg0: 23607605570053324

[2020-09-11 14:57:54] 
INFO: 下面开始打出sql

[2020-09-11 14:57:54] 
INFO: ds2=SELECT
	obj ->> 'rowid' as rowid,
	obj ->> 'col' as col,
	obj ->> 'err' as err
FROM
	tb_temporary x,
	jsonb_array_elements ( x.DATA::jsonb -> 'tips' ) obj
WHERE
	x.ID = ?;

[2020-09-11 14:57:54] 
INFO: arg0: 23607605570053324

[2020-09-11 14:57:54] 
INFO: 取数结束,开始运算

[2020-09-11 14:57:54] 
INFO: 报表图片处理......

[2020-09-11 14:57:54] 
INFO: 计算结束！

[2020-09-11 14:57:54] 
DEBUG: Export report begin, total pages :1

[2020-09-11 14:57:54] 
DEBUG: Page :1 OK.
